{"level":"info","message":"Order Service running on port 3000","service":"order-service"}
{"ip":"::1","level":"info","message":"API Request","method":"GET","responseTime":6,"service":"order-service","statusCode":200,"url":"/health","userAgent":"PostmanRuntime/7.43.4"}
{"ip":"::1","level":"info","message":"API Request","method":"GET","responseTime":1,"service":"order-service","statusCode":200,"url":"/health","userAgent":"PostmanRuntime/7.43.4"}
{"ip":"::1","level":"info","message":"API Request","method":"GET","responseTime":1,"service":"order-service","statusCode":500,"url":"/metrics","userAgent":"PostmanRuntime/7.43.4"}
{"event":{"eventId":"fb05fa42-7c3e-4718-95f0-f3e46430bc48","eventType":"ORDER_CREATED","payload":{"customer":"John Doe","items":[{"productId":"prod-123","quantity":2},{"productId":"prod-456","quantity":1}],"orderId":"b2f2991c-9757-4533-b144-29ab91c70f22","sagaId":"411ba078-0d96-4e2d-aaea-12fdf93a6e83","shippingAddress":"123 Main St, Anytown, USA 12345","status":"PENDING"},"timestamp":"2025-05-15T19:29:54.066Z"},"level":"info","message":"Event recorded: ORDER_CREATED","service":"order-service"}
{"level":"info","message":"Checking inventory for order b2f2991c-9757-4533-b144-29ab91c70f22","service":"order-service"}
{"level":"info","message":"Inventory check completed in 3005ms","service":"order-service"}
{"event":{"eventId":"aca55fd6-7c2d-4d82-9c6b-acb759d9969e","eventType":"INVENTORY_RESERVED","payload":{"orderId":"b2f2991c-9757-4533-b144-29ab91c70f22","sagaId":"411ba078-0d96-4e2d-aaea-12fdf93a6e83"},"timestamp":"2025-05-15T19:29:57.072Z"},"level":"info","message":"Event recorded: INVENTORY_RESERVED","service":"order-service"}
{"level":"info","message":"Processing payment for order b2f2991c-9757-4533-b144-29ab91c70f22","service":"order-service"}
{"error":"Payment service is currently unavailable. Please try again later.","level":"error","message":"Payment failed for order b2f2991c-9757-4533-b144-29ab91c70f22","service":"order-service"}
{"event":{"eventId":"331e52a0-5933-4142-9534-384141706675","eventType":"PAYMENT_FAILED","payload":{"error":"Payment service is currently unavailable. Please try again later.","orderId":"b2f2991c-9757-4533-b144-29ab91c70f22","sagaId":"411ba078-0d96-4e2d-aaea-12fdf93a6e83"},"timestamp":"2025-05-15T19:29:59.331Z"},"level":"info","message":"Event recorded: PAYMENT_FAILED","service":"order-service"}
{"error":"items.map is not a function","level":"error","message":"Failed to release inventory for order b2f2991c-9757-4533-b144-29ab91c70f22","service":"order-service"}
{"event":{"eventId":"51f4c732-5d2d-4ddb-8179-bebc13bcf1fe","eventType":"INVENTORY_RELEASE_FAILED","payload":{"error":"items.map is not a function","orderId":"b2f2991c-9757-4533-b144-29ab91c70f22","sagaId":"411ba078-0d96-4e2d-aaea-12fdf93a6e83"},"timestamp":"2025-05-15T19:29:59.332Z"},"level":"info","message":"Event recorded: INVENTORY_RELEASE_FAILED","service":"order-service"}
{"customer":"John Doe","itemCount":2,"level":"info","message":"Order placed with ID b2f2991c-9757-4533-b144-29ab91c70f22","orderId":"b2f2991c-9757-4533-b144-29ab91c70f22","processingTime":5.269,"service":"order-service","status":"PAYMENT_FAILED"}
{"ip":"::1","level":"info","message":"API Request","method":"POST","responseTime":5270,"service":"order-service","statusCode":400,"url":"/orders","userAgent":"PostmanRuntime/7.43.4"}
{"ip":"::1","level":"info","message":"API Request","method":"GET","responseTime":2,"service":"order-service","statusCode":404,"url":"/orders/","userAgent":"PostmanRuntime/7.43.4"}
{"ip":"::1","level":"info","message":"API Request","method":"GET","responseTime":1,"service":"order-service","statusCode":200,"url":"/orders/b2f2991c-9757-4533-b144-29ab91c70f22/events","userAgent":"PostmanRuntime/7.43.4"}
{"ip":"::1","level":"info","message":"API Request","method":"PUT","responseTime":0,"service":"order-service","statusCode":400,"url":"/orders/b2f2991c-9757-4533-b144-29ab91c70f22","userAgent":"PostmanRuntime/7.43.4"}
{"ip":"::1","level":"info","message":"API Request","method":"PUT","responseTime":1,"service":"order-service","statusCode":400,"url":"/orders/b2f2991c-9757-4533-b144-29ab91c70f22","userAgent":"PostmanRuntime/7.43.4"}
{"event":{"eventId":"bdaf2320-db6e-43f5-aa3b-c30c7ae645f5","eventType":"ORDER_CREATED","payload":{"customer":"John Doe","items":[{"productId":"prod-123","quantity":2},{"productId":"prod-456","quantity":1}],"orderId":"39423fd7-031a-4cfe-a3a2-c34ce2ad8330","sagaId":"a5cc3be7-2db3-4ea3-bc24-9b57ed21a13b","shippingAddress":"123 Main St, Anytown, USA 12345","status":"PENDING"},"timestamp":"2025-05-15T19:31:13.647Z"},"level":"info","message":"Event recorded: ORDER_CREATED","service":"order-service"}
{"level":"info","message":"Checking inventory for order 39423fd7-031a-4cfe-a3a2-c34ce2ad8330","service":"order-service"}
{"level":"info","message":"Inventory check completed in 3001ms","service":"order-service"}
{"event":{"eventId":"eb2fcb37-5132-4919-8a4c-71d0da106d35","eventType":"INVENTORY_RESERVED","payload":{"orderId":"39423fd7-031a-4cfe-a3a2-c34ce2ad8330","sagaId":"a5cc3be7-2db3-4ea3-bc24-9b57ed21a13b"},"timestamp":"2025-05-15T19:31:16.648Z"},"level":"info","message":"Event recorded: INVENTORY_RESERVED","service":"order-service"}
{"level":"info","message":"Processing payment for order 39423fd7-031a-4cfe-a3a2-c34ce2ad8330","service":"order-service"}
{"error":"Payment service is currently unavailable. Please try again later.","level":"error","message":"Payment failed for order 39423fd7-031a-4cfe-a3a2-c34ce2ad8330","service":"order-service"}
{"event":{"eventId":"54162e56-e0dc-47f6-845d-6dda291eb456","eventType":"PAYMENT_FAILED","payload":{"error":"Payment service is currently unavailable. Please try again later.","orderId":"39423fd7-031a-4cfe-a3a2-c34ce2ad8330","sagaId":"a5cc3be7-2db3-4ea3-bc24-9b57ed21a13b"},"timestamp":"2025-05-15T19:31:18.909Z"},"level":"info","message":"Event recorded: PAYMENT_FAILED","service":"order-service"}
{"error":"items.map is not a function","level":"error","message":"Failed to release inventory for order 39423fd7-031a-4cfe-a3a2-c34ce2ad8330","service":"order-service"}
{"event":{"eventId":"0c978305-3a5b-4c21-b0a2-4aef1af1d212","eventType":"INVENTORY_RELEASE_FAILED","payload":{"error":"items.map is not a function","orderId":"39423fd7-031a-4cfe-a3a2-c34ce2ad8330","sagaId":"a5cc3be7-2db3-4ea3-bc24-9b57ed21a13b"},"timestamp":"2025-05-15T19:31:18.912Z"},"level":"info","message":"Event recorded: INVENTORY_RELEASE_FAILED","service":"order-service"}
{"customer":"John Doe","itemCount":2,"level":"info","message":"Order placed with ID 39423fd7-031a-4cfe-a3a2-c34ce2ad8330","orderId":"39423fd7-031a-4cfe-a3a2-c34ce2ad8330","processingTime":5.266,"service":"order-service","status":"PAYMENT_FAILED"}
{"ip":"::1","level":"info","message":"API Request","method":"POST","responseTime":5271,"service":"order-service","statusCode":400,"url":"/orders","userAgent":"PostmanRuntime/7.43.4"}
{"ip":"::1","level":"info","message":"API Request","method":"PUT","responseTime":0,"service":"order-service","statusCode":400,"url":"/orders/b2f2991c-9757-4533-b144-29ab91c70f22","userAgent":"PostmanRuntime/7.43.4"}
{"ip":"::1","level":"info","message":"API Request","method":"POST","responseTime":1,"service":"order-service","statusCode":400,"url":"/orders/39423fd7-031a-4cfe-a3a2-c34ce2ad8330/process","userAgent":"PostmanRuntime/7.43.4"}
{"ip":"::1","level":"info","message":"API Request","method":"POST","responseTime":0,"service":"order-service","statusCode":400,"url":"/orders/39423fd7-031a-4cfe-a3a2-c34ce2ad8330/fulfill","userAgent":"PostmanRuntime/7.43.4"}
{"ip":"::1","level":"info","message":"API Request","method":"GET","responseTime":1,"service":"order-service","statusCode":500,"url":"/metrics","userAgent":"PostmanRuntime/7.43.4"}
{"level":"info","message":"Order Service running on port 3000","service":"order-service"}
{"ip":"::1","level":"info","message":"API Request","method":"GET","responseTime":11,"service":"order-service","statusCode":200,"url":"/metrics","userAgent":"PostmanRuntime/7.43.4"}
{"ip":"::1","level":"info","message":"API Request","method":"GET","responseTime":2,"service":"order-service","statusCode":200,"url":"/metrics","userAgent":"PostmanRuntime/7.43.4"}
{"ip":"::1","level":"info","message":"API Request","method":"GET","responseTime":1,"service":"order-service","statusCode":200,"url":"/metrics","userAgent":"PostmanRuntime/7.43.4"}
{"ip":"::1","level":"info","message":"API Request","method":"GET","responseTime":1,"service":"order-service","statusCode":200,"url":"/metrics","userAgent":"PostmanRuntime/7.43.4"}
{"event":{"eventId":"ebb5c9d0-dac9-42b7-a8a5-9892924cf5e2","eventType":"ORDER_CREATED","payload":{"customer":"John Doe","items":[{"productId":"prod-123","quantity":2},{"productId":"prod-456","quantity":1}],"orderId":"2fd7b37a-986c-44df-b622-94ad2ef2e8f2","sagaId":"09963151-cc7f-498b-ad4d-f6480dd20f09","shippingAddress":"123 Main St, Anytown, USA 12345","status":"PENDING"},"timestamp":"2025-05-15T19:46:18.981Z"},"level":"info","message":"Event recorded: ORDER_CREATED","service":"order-service"}
{"level":"info","message":"Checking inventory for order 2fd7b37a-986c-44df-b622-94ad2ef2e8f2","service":"order-service"}
{"level":"warn","message":"Inventory service circuit breaker: OPEN","service":"order-service"}
{"level":"warn","message":"Using fallback for inventory service","payload":[{"productId":"prod-123","quantity":2},{"productId":"prod-456","quantity":1}],"service":"order-service"}
{"level":"info","message":"Inventory check completed in 3005ms","service":"order-service"}
{"event":{"eventId":"fa172f90-7383-4a2a-9956-e74eec7a5a6f","eventType":"INVENTORY_RESERVED","payload":{"orderId":"2fd7b37a-986c-44df-b622-94ad2ef2e8f2","sagaId":"09963151-cc7f-498b-ad4d-f6480dd20f09"},"timestamp":"2025-05-15T19:46:21.987Z"},"level":"info","message":"Event recorded: INVENTORY_RESERVED","service":"order-service"}
{"level":"info","message":"Processing payment for order 2fd7b37a-986c-44df-b622-94ad2ef2e8f2","service":"order-service"}
{"error":"Payment service is currently unavailable. Please try again later.","level":"error","message":"Payment failed for order 2fd7b37a-986c-44df-b622-94ad2ef2e8f2","service":"order-service"}
{"event":{"eventId":"d305bfaf-ea82-4319-a185-5effe07f1762","eventType":"PAYMENT_FAILED","payload":{"error":"Payment service is currently unavailable. Please try again later.","orderId":"2fd7b37a-986c-44df-b622-94ad2ef2e8f2","sagaId":"09963151-cc7f-498b-ad4d-f6480dd20f09"},"timestamp":"2025-05-15T19:46:24.243Z"},"level":"info","message":"Event recorded: PAYMENT_FAILED","service":"order-service"}
{"level":"warn","message":"Using fallback for inventory service","payload":{"action":"release","items":[{"productId":"prod-123","quantity":2},{"productId":"prod-456","quantity":1}]},"service":"order-service"}
{"level":"info","message":"Inventory release fallback: recording for later retry","service":"order-service"}
{"event":{"eventId":"756c76ce-8ad4-412e-b089-c70faa51243d","eventType":"INVENTORY_RELEASED","payload":{"orderId":"2fd7b37a-986c-44df-b622-94ad2ef2e8f2","sagaId":"09963151-cc7f-498b-ad4d-f6480dd20f09"},"timestamp":"2025-05-15T19:46:24.245Z"},"level":"info","message":"Event recorded: INVENTORY_RELEASED","service":"order-service"}
{"customer":"John Doe","itemCount":2,"level":"info","message":"Order placed with ID 2fd7b37a-986c-44df-b622-94ad2ef2e8f2","orderId":"2fd7b37a-986c-44df-b622-94ad2ef2e8f2","processingTime":5.265,"service":"order-service","status":"PAYMENT_FAILED"}
{"ip":"::1","level":"info","message":"API Request","method":"POST","responseTime":5267,"service":"order-service","statusCode":400,"url":"/orders","userAgent":"PostmanRuntime/7.43.4"}
{"level":"info","message":"Order not found: 39423fd7-031a-4cfe-a3a2-c34ce2ad8330","service":"order-service"}
{"ip":"::1","level":"info","message":"API Request","method":"GET","responseTime":3,"service":"order-service","statusCode":404,"url":"/orders/39423fd7-031a-4cfe-a3a2-c34ce2ad8330","userAgent":"PostmanRuntime/7.43.4"}
{"level":"info","message":"Order not found: 39423fd7-031a-4cfe-a3a2-c34ce2ad8330","service":"order-service"}
{"ip":"::1","level":"info","message":"API Request","method":"GET","responseTime":1,"service":"order-service","statusCode":404,"url":"/orders/39423fd7-031a-4cfe-a3a2-c34ce2ad8330","userAgent":"PostmanRuntime/7.43.4"}
{"ip":"::1","level":"info","message":"API Request","method":"GET","responseTime":1,"service":"order-service","statusCode":200,"url":"/orders/2fd7b37a-986c-44df-b622-94ad2ef2e8f2/events","userAgent":"PostmanRuntime/7.43.4"}
{"ip":"::1","level":"info","message":"API Request","method":"PUT","responseTime":1,"service":"order-service","statusCode":400,"url":"/orders/2fd7b37a-986c-44df-b622-94ad2ef2e8f2","userAgent":"PostmanRuntime/7.43.4"}
{"ip":"::1","level":"info","message":"API Request","method":"DELETE","responseTime":1,"service":"order-service","statusCode":400,"url":"/orders/2fd7b37a-986c-44df-b622-94ad2ef2e8f2","userAgent":"PostmanRuntime/7.43.4"}
{"ip":"::1","level":"info","message":"API Request","method":"POST","responseTime":2,"service":"order-service","statusCode":400,"url":"/orders/2fd7b37a-986c-44df-b622-94ad2ef2e8f2/process","userAgent":"PostmanRuntime/7.43.4"}
{"ip":"::1","level":"info","message":"API Request","method":"POST","responseTime":1,"service":"order-service","statusCode":400,"url":"/orders/2fd7b37a-986c-44df-b622-94ad2ef2e8f2/fulfill","userAgent":"PostmanRuntime/7.43.4"}
{"ip":"::1","level":"info","message":"API Request","method":"GET","responseTime":2,"service":"order-service","statusCode":200,"url":"/metrics","userAgent":"PostmanRuntime/7.43.4"}
{"level":"info","message":"Order Service running on port 3000","service":"order-service"}
{"ip":"::1","level":"info","message":"API Request","method":"GET","responseTime":4,"service":"order-service","statusCode":200,"url":"/health","userAgent":"PostmanRuntime/7.43.4"}
{"ip":"::1","level":"info","message":"API Request","method":"GET","responseTime":5,"service":"order-service","statusCode":200,"url":"/metrics","userAgent":"PostmanRuntime/7.43.4"}
{"ip":"::1","level":"info","message":"API Request","method":"GET","responseTime":2,"service":"order-service","statusCode":200,"url":"/metrics","userAgent":"PostmanRuntime/7.43.4"}
{"event":{"eventId":"d2bd3b72-3987-40c5-b56e-fba23315f629","eventType":"ORDER_CREATED","payload":{"customer":"John Doe","items":[{"productId":"123","quantity":2}],"orderId":"1a8698e0-274b-48de-88ca-52e2697f6981","sagaId":"4e191557-f587-445d-bba2-5149280ba515","shippingAddress":"123 Main St, Springfield","status":"PENDING"},"timestamp":"2025-05-17T15:34:21.622Z"},"level":"info","message":"Event recorded: ORDER_CREATED","service":"order-service"}
{"level":"info","message":"Checking inventory for order 1a8698e0-274b-48de-88ca-52e2697f6981","service":"order-service"}
{"level":"warn","message":"Inventory service circuit breaker: OPEN","service":"order-service"}
{"level":"warn","message":"Using fallback for inventory service","payload":[{"productId":"123","quantity":2}],"service":"order-service"}
{"level":"info","message":"Inventory check completed in 3006ms","service":"order-service"}
{"event":{"eventId":"e954ca76-d953-451c-9b09-bc50fd972338","eventType":"INVENTORY_RESERVED","payload":{"orderId":"1a8698e0-274b-48de-88ca-52e2697f6981","sagaId":"4e191557-f587-445d-bba2-5149280ba515"},"timestamp":"2025-05-17T15:34:24.632Z"},"level":"info","message":"Event recorded: INVENTORY_RESERVED","service":"order-service"}
{"level":"info","message":"Processing payment for order 1a8698e0-274b-48de-88ca-52e2697f6981","service":"order-service"}
{"error":"Payment service is currently unavailable. Please try again later.","level":"error","message":"Payment failed for order 1a8698e0-274b-48de-88ca-52e2697f6981","service":"order-service"}
{"event":{"eventId":"e43c78f9-f34c-40a9-bc31-821b3234faf8","eventType":"PAYMENT_FAILED","payload":{"error":"Payment service is currently unavailable. Please try again later.","orderId":"1a8698e0-274b-48de-88ca-52e2697f6981","sagaId":"4e191557-f587-445d-bba2-5149280ba515"},"timestamp":"2025-05-17T15:34:26.906Z"},"level":"info","message":"Event recorded: PAYMENT_FAILED","service":"order-service"}
{"level":"warn","message":"Using fallback for inventory service","payload":{"action":"release","items":[{"productId":"123","quantity":2}]},"service":"order-service"}
{"level":"info","message":"Inventory release fallback: recording for later retry","service":"order-service"}
{"event":{"eventId":"bcc949f3-23c5-4de9-ad2e-1bbb91536605","eventType":"INVENTORY_RELEASED","payload":{"orderId":"1a8698e0-274b-48de-88ca-52e2697f6981","sagaId":"4e191557-f587-445d-bba2-5149280ba515"},"timestamp":"2025-05-17T15:34:26.910Z"},"level":"info","message":"Event recorded: INVENTORY_RELEASED","service":"order-service"}
{"customer":"John Doe","itemCount":1,"level":"info","message":"Order placed with ID 1a8698e0-274b-48de-88ca-52e2697f6981","orderId":"1a8698e0-274b-48de-88ca-52e2697f6981","processingTime":5.291,"service":"order-service","status":"PAYMENT_FAILED"}
{"ip":"::1","level":"info","message":"API Request","method":"POST","responseTime":5295,"service":"order-service","statusCode":400,"url":"/orders","userAgent":"PostmanRuntime/7.43.4"}
{"level":"info","message":"Order not found: :id","service":"order-service"}
{"ip":"::1","level":"info","message":"API Request","method":"GET","responseTime":2,"service":"order-service","statusCode":404,"url":"/orders/:id","userAgent":"PostmanRuntime/7.43.4"}
{"ip":"::1","level":"info","message":"API Request","method":"PUT","responseTime":1,"service":"order-service","statusCode":404,"url":"/orders/:id","userAgent":"PostmanRuntime/7.43.4"}
{"ip":"::1","level":"info","message":"API Request","method":"GET","responseTime":1,"service":"order-service","statusCode":200,"url":"/health","userAgent":"PostmanRuntime/7.43.4"}
{"ip":"::1","level":"info","message":"API Request","method":"GET","responseTime":2,"service":"order-service","statusCode":200,"url":"/metrics","userAgent":"PostmanRuntime/7.43.4"}
{"event":{"eventId":"1c3732e0-2447-4a1b-9bb1-f20e0c069d54","eventType":"ORDER_CREATED","payload":{"customer":"John Doe","items":[{"productId":"product-001","quantity":2},{"productId":"product-002","quantity":1}],"orderId":"9e7f63ee-af3a-4dc8-98ec-bee4c1eb52a3","sagaId":"508fc686-e0eb-4a80-b37f-f3bf5392770b","shippingAddress":"123 Main St, Springfield","status":"PENDING"},"timestamp":"2025-05-17T15:51:01.974Z"},"level":"info","message":"Event recorded: ORDER_CREATED","service":"order-service"}
{"level":"info","message":"Checking inventory for order 9e7f63ee-af3a-4dc8-98ec-bee4c1eb52a3","service":"order-service"}
{"level":"warn","message":"Inventory service circuit breaker: OPEN","service":"order-service"}
{"level":"warn","message":"Using fallback for inventory service","payload":[{"productId":"product-001","quantity":2},{"productId":"product-002","quantity":1}],"service":"order-service"}
{"level":"info","message":"Inventory check completed in 3002ms","service":"order-service"}
{"event":{"eventId":"17e9d0a9-0533-4a77-9b6d-b9e6d00115c8","eventType":"INVENTORY_RESERVED","payload":{"orderId":"9e7f63ee-af3a-4dc8-98ec-bee4c1eb52a3","sagaId":"508fc686-e0eb-4a80-b37f-f3bf5392770b"},"timestamp":"2025-05-17T15:51:04.977Z"},"level":"info","message":"Event recorded: INVENTORY_RESERVED","service":"order-service"}
{"level":"info","message":"Processing payment for order 9e7f63ee-af3a-4dc8-98ec-bee4c1eb52a3","service":"order-service"}
{"error":"Payment service is currently unavailable. Please try again later.","level":"error","message":"Payment failed for order 9e7f63ee-af3a-4dc8-98ec-bee4c1eb52a3","service":"order-service"}
{"event":{"eventId":"3789514d-82f8-4413-a0d3-868bd2ed2d3f","eventType":"PAYMENT_FAILED","payload":{"error":"Payment service is currently unavailable. Please try again later.","orderId":"9e7f63ee-af3a-4dc8-98ec-bee4c1eb52a3","sagaId":"508fc686-e0eb-4a80-b37f-f3bf5392770b"},"timestamp":"2025-05-17T15:51:07.240Z"},"level":"info","message":"Event recorded: PAYMENT_FAILED","service":"order-service"}
{"level":"warn","message":"Using fallback for inventory service","payload":{"action":"release","items":[{"productId":"product-001","quantity":2},{"productId":"product-002","quantity":1}]},"service":"order-service"}
{"level":"info","message":"Inventory release fallback: recording for later retry","service":"order-service"}
{"event":{"eventId":"664f0b60-5bc2-4d5e-abe5-00c0caf328dc","eventType":"INVENTORY_RELEASED","payload":{"orderId":"9e7f63ee-af3a-4dc8-98ec-bee4c1eb52a3","sagaId":"508fc686-e0eb-4a80-b37f-f3bf5392770b"},"timestamp":"2025-05-17T15:51:07.243Z"},"level":"info","message":"Event recorded: INVENTORY_RELEASED","service":"order-service"}
{"customer":"John Doe","itemCount":2,"level":"info","message":"Order placed with ID 9e7f63ee-af3a-4dc8-98ec-bee4c1eb52a3","orderId":"9e7f63ee-af3a-4dc8-98ec-bee4c1eb52a3","processingTime":5.27,"service":"order-service","status":"PAYMENT_FAILED"}
{"ip":"::1","level":"info","message":"API Request","method":"POST","responseTime":5273,"service":"order-service","statusCode":400,"url":"/orders","userAgent":"PostmanRuntime/7.43.4"}
{"level":"info","message":"Order retrieved: 9e7f63ee-af3a-4dc8-98ec-bee4c1eb52a3","service":"order-service"}
{"ip":"::1","level":"info","message":"API Request","method":"GET","responseTime":1,"service":"order-service","statusCode":200,"url":"/orders/9e7f63ee-af3a-4dc8-98ec-bee4c1eb52a3","userAgent":"PostmanRuntime/7.43.4"}
{"ip":"::1","level":"info","message":"API Request","method":"POST","responseTime":1,"service":"order-service","statusCode":400,"url":"/orders/9e7f63ee-af3a-4dc8-98ec-bee4c1eb52a3/process","userAgent":"PostmanRuntime/7.43.4"}
{"ip":"::1","level":"info","message":"API Request","method":"POST","responseTime":1,"service":"order-service","statusCode":400,"url":"/orders/9e7f63ee-af3a-4dc8-98ec-bee4c1eb52a3/fulfill","userAgent":"PostmanRuntime/7.43.4"}
{"ip":"::1","level":"info","message":"API Request","method":"GET","responseTime":1,"service":"order-service","statusCode":200,"url":"/orders/%7B%7Border_id_1%7D%7D/events","userAgent":"PostmanRuntime/7.43.4"}
{"ip":"::1","level":"info","message":"API Request","method":"GET","responseTime":1,"service":"order-service","statusCode":200,"url":"/orders/9e7f63ee-af3a-4dc8-98ec-bee4c1eb52a3/events","userAgent":"PostmanRuntime/7.43.4"}
{"event":{"eventId":"9f932189-4aee-452f-be6b-450a70ac1746","eventType":"ORDER_CREATED","payload":{"customer":"Jane Smith","items":[{"productId":"product-003","quantity":1},{"productId":"product-004","quantity":3}],"orderId":"0ebf10a5-c78d-4acd-8c3e-55f692e7c8e7","sagaId":"1f06bcbe-6e46-4123-8451-fdcd56609d9e","shippingAddress":"456 Oak St, Cityville","status":"PENDING"},"timestamp":"2025-05-17T15:52:01.956Z"},"level":"info","message":"Event recorded: ORDER_CREATED","service":"order-service"}
{"level":"info","message":"Checking inventory for order 0ebf10a5-c78d-4acd-8c3e-55f692e7c8e7","service":"order-service"}
{"level":"warn","message":"Inventory service circuit breaker: OPEN","service":"order-service"}
{"level":"warn","message":"Using fallback for inventory service","payload":[{"productId":"product-003","quantity":1},{"productId":"product-004","quantity":3}],"service":"order-service"}
{"level":"info","message":"Inventory check completed in 3001ms","service":"order-service"}
{"event":{"eventId":"02b98af2-2a1b-409c-a7bd-4fc670fd3e91","eventType":"INVENTORY_RESERVED","payload":{"orderId":"0ebf10a5-c78d-4acd-8c3e-55f692e7c8e7","sagaId":"1f06bcbe-6e46-4123-8451-fdcd56609d9e"},"timestamp":"2025-05-17T15:52:04.959Z"},"level":"info","message":"Event recorded: INVENTORY_RESERVED","service":"order-service"}
{"level":"info","message":"Processing payment for order 0ebf10a5-c78d-4acd-8c3e-55f692e7c8e7","service":"order-service"}
{"error":"Payment service is currently unavailable. Please try again later.","level":"error","message":"Payment failed for order 0ebf10a5-c78d-4acd-8c3e-55f692e7c8e7","service":"order-service"}
{"event":{"eventId":"f94fcd87-1628-45e4-bb65-119a73f7f543","eventType":"PAYMENT_FAILED","payload":{"error":"Payment service is currently unavailable. Please try again later.","orderId":"0ebf10a5-c78d-4acd-8c3e-55f692e7c8e7","sagaId":"1f06bcbe-6e46-4123-8451-fdcd56609d9e"},"timestamp":"2025-05-17T15:52:07.223Z"},"level":"info","message":"Event recorded: PAYMENT_FAILED","service":"order-service"}
{"level":"warn","message":"Using fallback for inventory service","payload":{"action":"release","items":[{"productId":"product-003","quantity":1},{"productId":"product-004","quantity":3}]},"service":"order-service"}
{"level":"info","message":"Inventory release fallback: recording for later retry","service":"order-service"}
{"event":{"eventId":"67ee8c2c-b897-4835-ab19-9c6f99af6f46","eventType":"INVENTORY_RELEASED","payload":{"orderId":"0ebf10a5-c78d-4acd-8c3e-55f692e7c8e7","sagaId":"1f06bcbe-6e46-4123-8451-fdcd56609d9e"},"timestamp":"2025-05-17T15:52:07.225Z"},"level":"info","message":"Event recorded: INVENTORY_RELEASED","service":"order-service"}
{"customer":"Jane Smith","itemCount":2,"level":"info","message":"Order placed with ID 0ebf10a5-c78d-4acd-8c3e-55f692e7c8e7","orderId":"0ebf10a5-c78d-4acd-8c3e-55f692e7c8e7","processingTime":5.27,"service":"order-service","status":"PAYMENT_FAILED"}
{"ip":"::1","level":"info","message":"API Request","method":"POST","responseTime":5271,"service":"order-service","statusCode":400,"url":"/orders","userAgent":"PostmanRuntime/7.43.4"}
{"event":{"eventId":"3a136eb8-2780-40e9-9543-f23c61d20fa3","eventType":"ORDER_CREATED","payload":{"customer":"Robert Johnson","items":[{"productId":"limited-stock-001","quantity":5}],"orderId":"9d9cc7b3-d157-479a-ac20-2dedbd4f5da4","sagaId":"8a57b983-4332-44ab-80c5-78aa97c9d17f","shippingAddress":"101 River Rd, Villagetown","status":"PENDING"},"timestamp":"2025-05-17T15:52:17.614Z"},"level":"info","message":"Event recorded: ORDER_CREATED","service":"order-service"}
{"level":"info","message":"Checking inventory for order 9d9cc7b3-d157-479a-ac20-2dedbd4f5da4","service":"order-service"}
{"level":"warn","message":"Inventory service circuit breaker: OPEN","service":"order-service"}
{"level":"warn","message":"Using fallback for inventory service","payload":[{"productId":"limited-stock-001","quantity":5}],"service":"order-service"}
{"level":"info","message":"Inventory check completed in 3001ms","service":"order-service"}
{"event":{"eventId":"004b0794-dee2-4e56-9ce5-45f7ac17f8a5","eventType":"INVENTORY_RESERVED","payload":{"orderId":"9d9cc7b3-d157-479a-ac20-2dedbd4f5da4","sagaId":"8a57b983-4332-44ab-80c5-78aa97c9d17f"},"timestamp":"2025-05-17T15:52:20.617Z"},"level":"info","message":"Event recorded: INVENTORY_RESERVED","service":"order-service"}
{"level":"info","message":"Processing payment for order 9d9cc7b3-d157-479a-ac20-2dedbd4f5da4","service":"order-service"}
{"error":"Payment service is currently unavailable. Please try again later.","level":"error","message":"Payment failed for order 9d9cc7b3-d157-479a-ac20-2dedbd4f5da4","service":"order-service"}
{"event":{"eventId":"305b9021-1150-46e2-8ea5-c81355c5d36a","eventType":"PAYMENT_FAILED","payload":{"error":"Payment service is currently unavailable. Please try again later.","orderId":"9d9cc7b3-d157-479a-ac20-2dedbd4f5da4","sagaId":"8a57b983-4332-44ab-80c5-78aa97c9d17f"},"timestamp":"2025-05-17T15:52:20.618Z"},"level":"info","message":"Event recorded: PAYMENT_FAILED","service":"order-service"}
{"level":"warn","message":"Using fallback for inventory service","payload":{"action":"release","items":[{"productId":"limited-stock-001","quantity":5}]},"service":"order-service"}
{"level":"info","message":"Inventory release fallback: recording for later retry","service":"order-service"}
{"event":{"eventId":"fbc90713-b482-4c79-9a8c-e0a8b6624e8a","eventType":"INVENTORY_RELEASED","payload":{"orderId":"9d9cc7b3-d157-479a-ac20-2dedbd4f5da4","sagaId":"8a57b983-4332-44ab-80c5-78aa97c9d17f"},"timestamp":"2025-05-17T15:52:20.620Z"},"level":"info","message":"Event recorded: INVENTORY_RELEASED","service":"order-service"}
{"customer":"Robert Johnson","itemCount":1,"level":"info","message":"Order placed with ID 9d9cc7b3-d157-479a-ac20-2dedbd4f5da4","orderId":"9d9cc7b3-d157-479a-ac20-2dedbd4f5da4","processingTime":3.006,"service":"order-service","status":"PAYMENT_FAILED"}
{"ip":"::1","level":"info","message":"API Request","method":"POST","responseTime":3007,"service":"order-service","statusCode":400,"url":"/orders","userAgent":"PostmanRuntime/7.43.4"}
{"ip":"::1","level":"info","message":"API Request","method":"GET","responseTime":1,"service":"order-service","statusCode":200,"url":"/orders/9e7f63ee-af3a-4dc8-98ec-bee4c1eb52a3/events","userAgent":"PostmanRuntime/7.43.4"}
{"event":{"eventId":"14dd611b-abe9-4e09-a415-6876290df4a9","eventType":"ORDER_CREATED","payload":{"customer":"Emma Wilson","items":[{"productId":"product-005","quantity":1}],"orderId":"e726f31e-78ac-4ba7-9241-4eb804d95964","sagaId":"ac670978-d2d5-40e8-8c4c-7d2cea0cadb3","shippingAddress":"222 Maple Ave, Suburbia","status":"PENDING"},"timestamp":"2025-05-17T15:52:36.231Z"},"level":"info","message":"Event recorded: ORDER_CREATED","service":"order-service"}
{"level":"info","message":"Checking inventory for order e726f31e-78ac-4ba7-9241-4eb804d95964","service":"order-service"}
{"level":"warn","message":"Inventory service circuit breaker: OPEN","service":"order-service"}
{"level":"warn","message":"Using fallback for inventory service","payload":[{"productId":"product-005","quantity":1}],"service":"order-service"}
{"level":"info","message":"Inventory check completed in 3002ms","service":"order-service"}
{"event":{"eventId":"11d2c6d1-84f3-4528-b3c2-fd54849b6997","eventType":"INVENTORY_RESERVED","payload":{"orderId":"e726f31e-78ac-4ba7-9241-4eb804d95964","sagaId":"ac670978-d2d5-40e8-8c4c-7d2cea0cadb3"},"timestamp":"2025-05-17T15:52:39.234Z"},"level":"info","message":"Event recorded: INVENTORY_RESERVED","service":"order-service"}
{"level":"info","message":"Processing payment for order e726f31e-78ac-4ba7-9241-4eb804d95964","service":"order-service"}
{"error":"Payment service is currently unavailable. Please try again later.","level":"error","message":"Payment failed for order e726f31e-78ac-4ba7-9241-4eb804d95964","service":"order-service"}
{"event":{"eventId":"263026c7-2dc7-4074-8f3f-b22bed486ff8","eventType":"PAYMENT_FAILED","payload":{"error":"Payment service is currently unavailable. Please try again later.","orderId":"e726f31e-78ac-4ba7-9241-4eb804d95964","sagaId":"ac670978-d2d5-40e8-8c4c-7d2cea0cadb3"},"timestamp":"2025-05-17T15:52:41.496Z"},"level":"info","message":"Event recorded: PAYMENT_FAILED","service":"order-service"}
{"level":"warn","message":"Using fallback for inventory service","payload":{"action":"release","items":[{"productId":"product-005","quantity":1}]},"service":"order-service"}
{"level":"info","message":"Inventory release fallback: recording for later retry","service":"order-service"}
{"event":{"eventId":"6f59929f-862b-4f49-b973-4936331a6322","eventType":"INVENTORY_RELEASED","payload":{"orderId":"e726f31e-78ac-4ba7-9241-4eb804d95964","sagaId":"ac670978-d2d5-40e8-8c4c-7d2cea0cadb3"},"timestamp":"2025-05-17T15:52:41.498Z"},"level":"info","message":"Event recorded: INVENTORY_RELEASED","service":"order-service"}
{"customer":"Emma Wilson","itemCount":1,"level":"info","message":"Order placed with ID e726f31e-78ac-4ba7-9241-4eb804d95964","orderId":"e726f31e-78ac-4ba7-9241-4eb804d95964","processingTime":5.267,"service":"order-service","status":"PAYMENT_FAILED"}
{"ip":"::1","level":"info","message":"API Request","method":"POST","responseTime":5269,"service":"order-service","statusCode":400,"url":"/orders?chaosMode=true","userAgent":"PostmanRuntime/7.43.4"}
{"level":"info","message":"Duplicate request detected with idempotency key: order-retry-test","service":"order-service"}
{"ip":"::1","level":"info","message":"API Request","method":"POST","responseTime":0,"service":"order-service","statusCode":400,"url":"/orders?chaosMode=true","userAgent":"PostmanRuntime/7.43.4"}
{"ip":"::1","level":"info","message":"API Request","method":"GET","responseTime":0,"service":"order-service","statusCode":200,"url":"/health","userAgent":"PostmanRuntime/7.43.4"}
{"ip":"::1","level":"info","message":"API Request","method":"GET","responseTime":2,"service":"order-service","statusCode":200,"url":"/metrics","userAgent":"PostmanRuntime/7.43.4"}
{"ip":"::1","level":"info","message":"API Request","method":"GET","responseTime":2,"service":"order-service","statusCode":200,"url":"/metrics","userAgent":"PostmanRuntime/7.43.4"}
{"event":{"eventId":"9f034d75-fc1b-4a62-b9e2-a96ab57581c4","eventType":"ORDER_CREATED","payload":{"customer":"John Doe","items":[{"productId":"product-001","quantity":2},{"productId":"product-002","quantity":1}],"orderId":"432efaf7-cb44-4f03-97d2-45298f939648","sagaId":"f878730b-6730-4485-b93a-f024336adab4","shippingAddress":"123 Main St, Springfield","status":"PENDING"},"timestamp":"2025-05-17T16:12:37.913Z"},"level":"info","message":"Event recorded: ORDER_CREATED","service":"order-service"}
{"level":"info","message":"Checking inventory for order 432efaf7-cb44-4f03-97d2-45298f939648","service":"order-service"}
{"level":"warn","message":"Inventory service circuit breaker: OPEN","service":"order-service"}
{"level":"warn","message":"Using fallback for inventory service","payload":[{"productId":"product-001","quantity":2},{"productId":"product-002","quantity":1}],"service":"order-service"}
{"level":"info","message":"Inventory check completed in 3003ms","service":"order-service"}
{"event":{"eventId":"f1773701-5b60-4fa8-bb4d-11d1914611e0","eventType":"INVENTORY_RESERVED","payload":{"orderId":"432efaf7-cb44-4f03-97d2-45298f939648","sagaId":"f878730b-6730-4485-b93a-f024336adab4"},"timestamp":"2025-05-17T16:12:40.917Z"},"level":"info","message":"Event recorded: INVENTORY_RESERVED","service":"order-service"}
{"level":"info","message":"Processing payment for order 432efaf7-cb44-4f03-97d2-45298f939648","service":"order-service"}
{"error":"Payment service is currently unavailable. Please try again later.","level":"error","message":"Payment failed for order 432efaf7-cb44-4f03-97d2-45298f939648","service":"order-service"}
{"event":{"eventId":"e3f1478c-b99d-4038-a8f4-abb4f1fa6bb8","eventType":"PAYMENT_FAILED","payload":{"error":"Payment service is currently unavailable. Please try again later.","orderId":"432efaf7-cb44-4f03-97d2-45298f939648","sagaId":"f878730b-6730-4485-b93a-f024336adab4"},"timestamp":"2025-05-17T16:12:43.179Z"},"level":"info","message":"Event recorded: PAYMENT_FAILED","service":"order-service"}
{"level":"warn","message":"Using fallback for inventory service","payload":{"action":"release","items":[{"productId":"product-001","quantity":2},{"productId":"product-002","quantity":1}]},"service":"order-service"}
{"level":"info","message":"Inventory release fallback: recording for later retry","service":"order-service"}
{"event":{"eventId":"772ba465-f679-430d-abad-52f7f5f200c0","eventType":"INVENTORY_RELEASED","payload":{"orderId":"432efaf7-cb44-4f03-97d2-45298f939648","sagaId":"f878730b-6730-4485-b93a-f024336adab4"},"timestamp":"2025-05-17T16:12:43.181Z"},"level":"info","message":"Event recorded: INVENTORY_RELEASED","service":"order-service"}
{"customer":"John Doe","itemCount":2,"level":"info","message":"Order placed with ID 432efaf7-cb44-4f03-97d2-45298f939648","orderId":"432efaf7-cb44-4f03-97d2-45298f939648","processingTime":5.268,"service":"order-service","status":"PAYMENT_FAILED"}
{"ip":"::1","level":"info","message":"API Request","method":"POST","responseTime":5269,"service":"order-service","statusCode":400,"url":"/orders","userAgent":"PostmanRuntime/7.43.4"}
{"event":{"eventId":"3d5cbcc0-bf62-43d1-9639-93328743fad5","eventType":"ORDER_CREATED","payload":{"customer":"John Doe","items":[{"productId":"product-001","quantity":2},{"productId":"product-002","quantity":1}],"orderId":"1824bdb0-3aad-4d16-a455-18dcf39d356b","sagaId":"2562fcd3-967e-4c29-8c09-e808a8eb6ae8","shippingAddress":"123 Main St, Springfield","status":"PENDING"},"timestamp":"2025-05-17T16:13:05.582Z"},"level":"info","message":"Event recorded: ORDER_CREATED","service":"order-service"}
{"level":"info","message":"Checking inventory for order 1824bdb0-3aad-4d16-a455-18dcf39d356b","service":"order-service"}
{"level":"warn","message":"Inventory service circuit breaker: OPEN","service":"order-service"}
{"level":"warn","message":"Using fallback for inventory service","payload":[{"productId":"product-001","quantity":2},{"productId":"product-002","quantity":1}],"service":"order-service"}
{"level":"info","message":"Inventory check completed in 3005ms","service":"order-service"}
{"event":{"eventId":"cc5054e9-5682-4569-bd27-d015db5a8c14","eventType":"INVENTORY_RESERVED","payload":{"orderId":"1824bdb0-3aad-4d16-a455-18dcf39d356b","sagaId":"2562fcd3-967e-4c29-8c09-e808a8eb6ae8"},"timestamp":"2025-05-17T16:13:08.587Z"},"level":"info","message":"Event recorded: INVENTORY_RESERVED","service":"order-service"}
{"level":"info","message":"Processing payment for order 1824bdb0-3aad-4d16-a455-18dcf39d356b","service":"order-service"}
{"error":"Payment service is currently unavailable. Please try again later.","level":"error","message":"Payment failed for order 1824bdb0-3aad-4d16-a455-18dcf39d356b","service":"order-service"}
{"event":{"eventId":"1225e944-e076-497d-af58-4b55a6082cff","eventType":"PAYMENT_FAILED","payload":{"error":"Payment service is currently unavailable. Please try again later.","orderId":"1824bdb0-3aad-4d16-a455-18dcf39d356b","sagaId":"2562fcd3-967e-4c29-8c09-e808a8eb6ae8"},"timestamp":"2025-05-17T16:13:08.590Z"},"level":"info","message":"Event recorded: PAYMENT_FAILED","service":"order-service"}
{"level":"warn","message":"Using fallback for inventory service","payload":{"action":"release","items":[{"productId":"product-001","quantity":2},{"productId":"product-002","quantity":1}]},"service":"order-service"}
{"level":"info","message":"Inventory release fallback: recording for later retry","service":"order-service"}
{"event":{"eventId":"50e833e9-93c1-4902-b7c1-f75cfe228071","eventType":"INVENTORY_RELEASED","payload":{"orderId":"1824bdb0-3aad-4d16-a455-18dcf39d356b","sagaId":"2562fcd3-967e-4c29-8c09-e808a8eb6ae8"},"timestamp":"2025-05-17T16:13:08.593Z"},"level":"info","message":"Event recorded: INVENTORY_RELEASED","service":"order-service"}
{"customer":"John Doe","itemCount":2,"level":"info","message":"Order placed with ID 1824bdb0-3aad-4d16-a455-18dcf39d356b","orderId":"1824bdb0-3aad-4d16-a455-18dcf39d356b","processingTime":3.012,"service":"order-service","status":"PAYMENT_FAILED"}
{"ip":"::1","level":"info","message":"API Request","method":"POST","responseTime":3015,"service":"order-service","statusCode":400,"url":"/orders","userAgent":"PostmanRuntime/7.43.4"}
{"event":{"eventId":"d6b84242-f2cc-4530-85cd-07ed8899652e","eventType":"ORDER_CREATED","payload":{"customer":"John Doe","items":[{"productId":"product-001","quantity":2},{"productId":"product-002","quantity":1}],"orderId":"23e8b90c-0508-4914-8528-e93e2301adbf","sagaId":"9f7a209c-10a8-4e32-8c09-0efface43166","shippingAddress":"123 Main St, Springfield","status":"PENDING"},"timestamp":"2025-05-17T16:13:30.200Z"},"level":"info","message":"Event recorded: ORDER_CREATED","service":"order-service"}
{"level":"info","message":"Checking inventory for order 23e8b90c-0508-4914-8528-e93e2301adbf","service":"order-service"}
{"level":"warn","message":"Inventory service circuit breaker: OPEN","service":"order-service"}
{"level":"warn","message":"Using fallback for inventory service","payload":[{"productId":"product-001","quantity":2},{"productId":"product-002","quantity":1}],"service":"order-service"}
{"level":"info","message":"Inventory check completed in 3002ms","service":"order-service"}
{"event":{"eventId":"2de07375-1236-477b-b6ee-f9c65e27a7bd","eventType":"INVENTORY_RESERVED","payload":{"orderId":"23e8b90c-0508-4914-8528-e93e2301adbf","sagaId":"9f7a209c-10a8-4e32-8c09-0efface43166"},"timestamp":"2025-05-17T16:13:33.204Z"},"level":"info","message":"Event recorded: INVENTORY_RESERVED","service":"order-service"}
{"level":"info","message":"Processing payment for order 23e8b90c-0508-4914-8528-e93e2301adbf","service":"order-service"}
{"error":"Payment service is currently unavailable. Please try again later.","level":"error","message":"Payment failed for order 23e8b90c-0508-4914-8528-e93e2301adbf","service":"order-service"}
{"event":{"eventId":"8c68a30c-6e85-4793-93da-fc08bdd77c4f","eventType":"PAYMENT_FAILED","payload":{"error":"Payment service is currently unavailable. Please try again later.","orderId":"23e8b90c-0508-4914-8528-e93e2301adbf","sagaId":"9f7a209c-10a8-4e32-8c09-0efface43166"},"timestamp":"2025-05-17T16:13:35.468Z"},"level":"info","message":"Event recorded: PAYMENT_FAILED","service":"order-service"}
{"level":"warn","message":"Using fallback for inventory service","payload":{"action":"release","items":[{"productId":"product-001","quantity":2},{"productId":"product-002","quantity":1}]},"service":"order-service"}
{"level":"info","message":"Inventory release fallback: recording for later retry","service":"order-service"}
{"event":{"eventId":"49872231-734c-470c-904d-9ec5b636c53e","eventType":"INVENTORY_RELEASED","payload":{"orderId":"23e8b90c-0508-4914-8528-e93e2301adbf","sagaId":"9f7a209c-10a8-4e32-8c09-0efface43166"},"timestamp":"2025-05-17T16:13:35.470Z"},"level":"info","message":"Event recorded: INVENTORY_RELEASED","service":"order-service"}
{"customer":"John Doe","itemCount":2,"level":"info","message":"Order placed with ID 23e8b90c-0508-4914-8528-e93e2301adbf","orderId":"23e8b90c-0508-4914-8528-e93e2301adbf","processingTime":5.27,"service":"order-service","status":"PAYMENT_FAILED"}
{"ip":"::1","level":"info","message":"API Request","method":"POST","responseTime":5271,"service":"order-service","statusCode":400,"url":"/orders","userAgent":"PostmanRuntime/7.43.4"}
{"event":{"eventId":"e52f611d-db18-4b12-9c9c-25222dc00747","eventType":"ORDER_CREATED","payload":{"customer":"John Doe","items":[{"productId":"product-001","quantity":2},{"productId":"product-002","quantity":1}],"orderId":"bf53dee2-db48-4045-b07c-7f43f4c597ed","sagaId":"2a4ea5fb-1464-40bf-a844-3d45aeca9a26","shippingAddress":"123 Main St, Springfield","status":"PENDING"},"timestamp":"2025-05-17T16:13:37.215Z"},"level":"info","message":"Event recorded: ORDER_CREATED","service":"order-service"}
{"level":"info","message":"Checking inventory for order bf53dee2-db48-4045-b07c-7f43f4c597ed","service":"order-service"}
{"level":"warn","message":"Using fallback for inventory service","payload":[{"productId":"product-001","quantity":2},{"productId":"product-002","quantity":1}],"service":"order-service"}
{"level":"info","message":"Inventory check completed in 1ms","service":"order-service"}
{"event":{"eventId":"525088d7-2f77-4335-8a23-5100962f4e47","eventType":"INVENTORY_RESERVED","payload":{"orderId":"bf53dee2-db48-4045-b07c-7f43f4c597ed","sagaId":"2a4ea5fb-1464-40bf-a844-3d45aeca9a26"},"timestamp":"2025-05-17T16:13:37.216Z"},"level":"info","message":"Event recorded: INVENTORY_RESERVED","service":"order-service"}
{"level":"info","message":"Processing payment for order bf53dee2-db48-4045-b07c-7f43f4c597ed","service":"order-service"}
{"error":"Payment service is currently unavailable. Please try again later.","level":"error","message":"Payment failed for order bf53dee2-db48-4045-b07c-7f43f4c597ed","service":"order-service"}
{"event":{"eventId":"b066be1c-2f84-42d8-89a1-f4cb499a909f","eventType":"PAYMENT_FAILED","payload":{"error":"Payment service is currently unavailable. Please try again later.","orderId":"bf53dee2-db48-4045-b07c-7f43f4c597ed","sagaId":"2a4ea5fb-1464-40bf-a844-3d45aeca9a26"},"timestamp":"2025-05-17T16:13:37.217Z"},"level":"info","message":"Event recorded: PAYMENT_FAILED","service":"order-service"}
{"level":"warn","message":"Using fallback for inventory service","payload":{"action":"release","items":[{"productId":"product-001","quantity":2},{"productId":"product-002","quantity":1}]},"service":"order-service"}
{"level":"info","message":"Inventory release fallback: recording for later retry","service":"order-service"}
{"event":{"eventId":"5376e114-58c1-4e35-94d7-3f1c69ab1411","eventType":"INVENTORY_RELEASED","payload":{"orderId":"bf53dee2-db48-4045-b07c-7f43f4c597ed","sagaId":"2a4ea5fb-1464-40bf-a844-3d45aeca9a26"},"timestamp":"2025-05-17T16:13:37.218Z"},"level":"info","message":"Event recorded: INVENTORY_RELEASED","service":"order-service"}
{"customer":"John Doe","itemCount":2,"level":"info","message":"Order placed with ID bf53dee2-db48-4045-b07c-7f43f4c597ed","orderId":"bf53dee2-db48-4045-b07c-7f43f4c597ed","processingTime":0.003,"service":"order-service","status":"PAYMENT_FAILED"}
{"ip":"::1","level":"info","message":"API Request","method":"POST","responseTime":4,"service":"order-service","statusCode":400,"url":"/orders","userAgent":"PostmanRuntime/7.43.4"}
{"event":{"eventId":"2c57af70-072e-47a0-9e50-8b5b956ad107","eventType":"ORDER_CREATED","payload":{"customer":"John Doe","items":[{"productId":"product-001","quantity":2},{"productId":"product-002","quantity":1}],"orderId":"050a5a9f-1757-4c8a-a9d8-195759d2c5bb","sagaId":"f242dcf9-4fbd-4d9e-8b7c-be131d6d2d30","shippingAddress":"123 Main St, Springfield","status":"PENDING"},"timestamp":"2025-05-17T16:13:47.692Z"},"level":"info","message":"Event recorded: ORDER_CREATED","service":"order-service"}
{"level":"info","message":"Checking inventory for order 050a5a9f-1757-4c8a-a9d8-195759d2c5bb","service":"order-service"}
{"level":"warn","message":"Inventory service circuit breaker: OPEN","service":"order-service"}
{"level":"warn","message":"Using fallback for inventory service","payload":[{"productId":"product-001","quantity":2},{"productId":"product-002","quantity":1}],"service":"order-service"}
{"level":"info","message":"Inventory check completed in 3004ms","service":"order-service"}
{"event":{"eventId":"e105f3ab-3c9e-4ac2-98a7-7dff0ce0e693","eventType":"INVENTORY_RESERVED","payload":{"orderId":"050a5a9f-1757-4c8a-a9d8-195759d2c5bb","sagaId":"f242dcf9-4fbd-4d9e-8b7c-be131d6d2d30"},"timestamp":"2025-05-17T16:13:50.697Z"},"level":"info","message":"Event recorded: INVENTORY_RESERVED","service":"order-service"}
{"level":"info","message":"Processing payment for order 050a5a9f-1757-4c8a-a9d8-195759d2c5bb","service":"order-service"}
{"error":"Payment service is currently unavailable. Please try again later.","level":"error","message":"Payment failed for order 050a5a9f-1757-4c8a-a9d8-195759d2c5bb","service":"order-service"}
{"event":{"eventId":"d8e3fd86-64f0-43b0-a01e-afbbf61f31a4","eventType":"PAYMENT_FAILED","payload":{"error":"Payment service is currently unavailable. Please try again later.","orderId":"050a5a9f-1757-4c8a-a9d8-195759d2c5bb","sagaId":"f242dcf9-4fbd-4d9e-8b7c-be131d6d2d30"},"timestamp":"2025-05-17T16:13:50.700Z"},"level":"info","message":"Event recorded: PAYMENT_FAILED","service":"order-service"}
{"level":"warn","message":"Using fallback for inventory service","payload":{"action":"release","items":[{"productId":"product-001","quantity":2},{"productId":"product-002","quantity":1}]},"service":"order-service"}
{"level":"info","message":"Inventory release fallback: recording for later retry","service":"order-service"}
{"event":{"eventId":"7b86894c-e927-4db2-889a-4c2b194c6863","eventType":"INVENTORY_RELEASED","payload":{"orderId":"050a5a9f-1757-4c8a-a9d8-195759d2c5bb","sagaId":"f242dcf9-4fbd-4d9e-8b7c-be131d6d2d30"},"timestamp":"2025-05-17T16:13:50.702Z"},"level":"info","message":"Event recorded: INVENTORY_RELEASED","service":"order-service"}
{"customer":"John Doe","itemCount":2,"level":"info","message":"Order placed with ID 050a5a9f-1757-4c8a-a9d8-195759d2c5bb","orderId":"050a5a9f-1757-4c8a-a9d8-195759d2c5bb","processingTime":3.011,"service":"order-service","status":"PAYMENT_FAILED"}
{"ip":"::1","level":"info","message":"API Request","method":"POST","responseTime":3016,"service":"order-service","statusCode":400,"url":"/orders","userAgent":"PostmanRuntime/7.43.4"}
{"event":{"eventId":"f64f8d9c-f709-45e5-b98a-4d98257727e0","eventType":"ORDER_CREATED","payload":{"customer":"John Doe","items":[{"productId":"product-001","quantity":2},{"productId":"product-002","quantity":1}],"orderId":"1b32c6dc-bc84-4c89-910a-1df0f3e4cf55","sagaId":"d85f2001-e9b1-4f16-b283-f96a8e56b87b","shippingAddress":"123 Main St, Springfield","status":"PENDING"},"timestamp":"2025-05-17T16:19:39.556Z"},"level":"info","message":"Event recorded: ORDER_CREATED","service":"order-service"}
{"level":"info","message":"Checking inventory for order 1b32c6dc-bc84-4c89-910a-1df0f3e4cf55","service":"order-service"}
{"level":"warn","message":"Inventory service circuit breaker: OPEN","service":"order-service"}
{"level":"warn","message":"Using fallback for inventory service","payload":[{"productId":"product-001","quantity":2},{"productId":"product-002","quantity":1}],"service":"order-service"}
{"level":"info","message":"Inventory check completed in 3003ms","service":"order-service"}
{"event":{"eventId":"aaf35c74-07cf-4dbe-b75d-118eb51e470d","eventType":"INVENTORY_RESERVED","payload":{"orderId":"1b32c6dc-bc84-4c89-910a-1df0f3e4cf55","sagaId":"d85f2001-e9b1-4f16-b283-f96a8e56b87b"},"timestamp":"2025-05-17T16:19:42.560Z"},"level":"info","message":"Event recorded: INVENTORY_RESERVED","service":"order-service"}
{"level":"info","message":"Processing payment for order 1b32c6dc-bc84-4c89-910a-1df0f3e4cf55","service":"order-service"}
{"error":"Payment service is currently unavailable. Please try again later.","level":"error","message":"Payment failed for order 1b32c6dc-bc84-4c89-910a-1df0f3e4cf55","service":"order-service"}
{"event":{"eventId":"c3223e68-c244-4e3c-b448-9b7cc7e8f01c","eventType":"PAYMENT_FAILED","payload":{"error":"Payment service is currently unavailable. Please try again later.","orderId":"1b32c6dc-bc84-4c89-910a-1df0f3e4cf55","sagaId":"d85f2001-e9b1-4f16-b283-f96a8e56b87b"},"timestamp":"2025-05-17T16:19:44.825Z"},"level":"info","message":"Event recorded: PAYMENT_FAILED","service":"order-service"}
{"level":"warn","message":"Using fallback for inventory service","payload":{"action":"release","items":[{"productId":"product-001","quantity":2},{"productId":"product-002","quantity":1}]},"service":"order-service"}
{"level":"info","message":"Inventory release fallback: recording for later retry","service":"order-service"}
{"event":{"eventId":"016134bc-5d0b-4a73-9d8d-6e99a8e60029","eventType":"INVENTORY_RELEASED","payload":{"orderId":"1b32c6dc-bc84-4c89-910a-1df0f3e4cf55","sagaId":"d85f2001-e9b1-4f16-b283-f96a8e56b87b"},"timestamp":"2025-05-17T16:19:44.826Z"},"level":"info","message":"Event recorded: INVENTORY_RELEASED","service":"order-service"}
{"customer":"John Doe","itemCount":2,"level":"info","message":"Order placed with ID 1b32c6dc-bc84-4c89-910a-1df0f3e4cf55","orderId":"1b32c6dc-bc84-4c89-910a-1df0f3e4cf55","processingTime":5.27,"service":"order-service","status":"PAYMENT_FAILED"}
{"ip":"::1","level":"info","message":"API Request","method":"POST","responseTime":5271,"service":"order-service","statusCode":400,"url":"/orders","userAgent":"PostmanRuntime/7.43.4"}
{"level":"info","message":"Order retrieved: 1b32c6dc-bc84-4c89-910a-1df0f3e4cf55","service":"order-service"}
{"ip":"::1","level":"info","message":"API Request","method":"GET","responseTime":1,"service":"order-service","statusCode":200,"url":"/orders/1b32c6dc-bc84-4c89-910a-1df0f3e4cf55","userAgent":"PostmanRuntime/7.43.4"}
{"ip":"::1","level":"info","message":"API Request","method":"POST","responseTime":1,"service":"order-service","statusCode":400,"url":"/orders/1b32c6dc-bc84-4c89-910a-1df0f3e4cf55/process","userAgent":"PostmanRuntime/7.43.4"}
{"ip":"::1","level":"info","message":"API Request","method":"POST","responseTime":0,"service":"order-service","statusCode":400,"url":"/orders/1b32c6dc-bc84-4c89-910a-1df0f3e4cf55/fulfill","userAgent":"PostmanRuntime/7.43.4"}
{"ip":"::1","level":"info","message":"API Request","method":"GET","responseTime":0,"service":"order-service","statusCode":200,"url":"/orders/1b32c6dc-bc84-4c89-910a-1df0f3e4cf55/events","userAgent":"PostmanRuntime/7.43.4"}
{"event":{"eventId":"1e22e89a-2c58-4843-a6df-5ca0726932a5","eventType":"ORDER_CREATED","payload":{"customer":"Jane Smith","items":[{"productId":"product-003","quantity":1},{"productId":"product-004","quantity":3}],"orderId":"8b27c385-145c-4430-b60e-22e17a7798bd","sagaId":"bfecb870-3358-4307-bcd9-c3a8b2c3b90a","shippingAddress":"456 Oak St, Cityville","status":"PENDING"},"timestamp":"2025-05-17T16:20:38.772Z"},"level":"info","message":"Event recorded: ORDER_CREATED","service":"order-service"}
{"level":"info","message":"Checking inventory for order 8b27c385-145c-4430-b60e-22e17a7798bd","service":"order-service"}
{"level":"warn","message":"Inventory service circuit breaker: OPEN","service":"order-service"}
{"level":"warn","message":"Using fallback for inventory service","payload":[{"productId":"product-003","quantity":1},{"productId":"product-004","quantity":3}],"service":"order-service"}
{"level":"info","message":"Inventory check completed in 3004ms","service":"order-service"}
{"event":{"eventId":"f7457f95-8d41-4d37-b176-b59a3e79fc9a","eventType":"INVENTORY_RESERVED","payload":{"orderId":"8b27c385-145c-4430-b60e-22e17a7798bd","sagaId":"bfecb870-3358-4307-bcd9-c3a8b2c3b90a"},"timestamp":"2025-05-17T16:20:41.778Z"},"level":"info","message":"Event recorded: INVENTORY_RESERVED","service":"order-service"}
{"level":"info","message":"Processing payment for order 8b27c385-145c-4430-b60e-22e17a7798bd","service":"order-service"}
{"error":"Payment service is currently unavailable. Please try again later.","level":"error","message":"Payment failed for order 8b27c385-145c-4430-b60e-22e17a7798bd","service":"order-service"}
{"event":{"eventId":"2d6187d9-9d82-4627-937e-4dbc55adeeb3","eventType":"PAYMENT_FAILED","payload":{"error":"Payment service is currently unavailable. Please try again later.","orderId":"8b27c385-145c-4430-b60e-22e17a7798bd","sagaId":"bfecb870-3358-4307-bcd9-c3a8b2c3b90a"},"timestamp":"2025-05-17T16:20:44.046Z"},"level":"info","message":"Event recorded: PAYMENT_FAILED","service":"order-service"}
{"level":"warn","message":"Using fallback for inventory service","payload":{"action":"release","items":[{"productId":"product-003","quantity":1},{"productId":"product-004","quantity":3}]},"service":"order-service"}
{"level":"info","message":"Inventory release fallback: recording for later retry","service":"order-service"}
{"event":{"eventId":"fd5bb73f-d3fc-4c6c-b7e5-a72e8f4b6b12","eventType":"INVENTORY_RELEASED","payload":{"orderId":"8b27c385-145c-4430-b60e-22e17a7798bd","sagaId":"bfecb870-3358-4307-bcd9-c3a8b2c3b90a"},"timestamp":"2025-05-17T16:20:44.048Z"},"level":"info","message":"Event recorded: INVENTORY_RELEASED","service":"order-service"}
{"customer":"Jane Smith","itemCount":2,"level":"info","message":"Order placed with ID 8b27c385-145c-4430-b60e-22e17a7798bd","orderId":"8b27c385-145c-4430-b60e-22e17a7798bd","processingTime":5.276,"service":"order-service","status":"PAYMENT_FAILED"}
{"ip":"::1","level":"info","message":"API Request","method":"POST","responseTime":5277,"service":"order-service","statusCode":400,"url":"/orders","userAgent":"PostmanRuntime/7.43.4"}
{"ip":"::1","level":"info","message":"API Request","method":"PUT","responseTime":1,"service":"order-service","statusCode":400,"url":"/orders/8b27c385-145c-4430-b60e-22e17a7798bd","userAgent":"PostmanRuntime/7.43.4"}
{"level":"info","message":"Duplicate request detected with idempotency key: order-retry-test","service":"order-service"}
{"ip":"::1","level":"info","message":"API Request","method":"POST","responseTime":1,"service":"order-service","statusCode":400,"url":"/orders?chaosMode=true","userAgent":"PostmanRuntime/7.43.4"}
{"level":"info","message":"Duplicate request detected with idempotency key: order-retry-test","service":"order-service"}
{"ip":"::1","level":"info","message":"API Request","method":"POST","responseTime":1,"service":"order-service","statusCode":400,"url":"/orders?chaosMode=true","userAgent":"PostmanRuntime/7.43.4"}
{"level":"info","message":"Duplicate request detected with idempotency key: order-retry-test","service":"order-service"}
{"ip":"::1","level":"info","message":"API Request","method":"POST","responseTime":0,"service":"order-service","statusCode":400,"url":"/orders?chaosMode=true","userAgent":"PostmanRuntime/7.43.4"}
{"event":{"eventId":"7c3e00a1-a083-4edc-a146-50aab379e1a3","eventType":"ORDER_CREATED","payload":{"customer":"Test Customer","items":[{"productId":"invalid-payment-trigger","quantity":1}],"orderId":"52e5cf19-51ea-4f86-894e-47be7dc2ae13","sagaId":"0bd21d0c-0395-4c2d-a091-c3632c335df6","shippingAddress":"333 Test St, Testville","status":"PENDING"},"timestamp":"2025-05-17T16:21:39.426Z"},"level":"info","message":"Event recorded: ORDER_CREATED","service":"order-service"}
{"level":"info","message":"Checking inventory for order 52e5cf19-51ea-4f86-894e-47be7dc2ae13","service":"order-service"}
{"level":"warn","message":"Inventory service circuit breaker: OPEN","service":"order-service"}
{"level":"warn","message":"Using fallback for inventory service","payload":[{"productId":"invalid-payment-trigger","quantity":1}],"service":"order-service"}
{"level":"info","message":"Inventory check completed in 3003ms","service":"order-service"}
{"event":{"eventId":"d76d102f-c6dd-48c7-b6f2-92dfe6e85ecd","eventType":"INVENTORY_RESERVED","payload":{"orderId":"52e5cf19-51ea-4f86-894e-47be7dc2ae13","sagaId":"0bd21d0c-0395-4c2d-a091-c3632c335df6"},"timestamp":"2025-05-17T16:21:42.429Z"},"level":"info","message":"Event recorded: INVENTORY_RESERVED","service":"order-service"}
{"level":"info","message":"Processing payment for order 52e5cf19-51ea-4f86-894e-47be7dc2ae13","service":"order-service"}
{"error":"Payment service is currently unavailable. Please try again later.","level":"error","message":"Payment failed for order 52e5cf19-51ea-4f86-894e-47be7dc2ae13","service":"order-service"}
{"event":{"eventId":"5a999d35-ad7f-4742-920b-2b03755ff628","eventType":"PAYMENT_FAILED","payload":{"error":"Payment service is currently unavailable. Please try again later.","orderId":"52e5cf19-51ea-4f86-894e-47be7dc2ae13","sagaId":"0bd21d0c-0395-4c2d-a091-c3632c335df6"},"timestamp":"2025-05-17T16:21:44.692Z"},"level":"info","message":"Event recorded: PAYMENT_FAILED","service":"order-service"}
{"level":"warn","message":"Using fallback for inventory service","payload":{"action":"release","items":[{"productId":"invalid-payment-trigger","quantity":1}]},"service":"order-service"}
{"level":"info","message":"Inventory release fallback: recording for later retry","service":"order-service"}
{"event":{"eventId":"2d452ee2-ceb5-4734-a76c-9c083954b18c","eventType":"INVENTORY_RELEASED","payload":{"orderId":"52e5cf19-51ea-4f86-894e-47be7dc2ae13","sagaId":"0bd21d0c-0395-4c2d-a091-c3632c335df6"},"timestamp":"2025-05-17T16:21:44.694Z"},"level":"info","message":"Event recorded: INVENTORY_RELEASED","service":"order-service"}
{"customer":"Test Customer","itemCount":1,"level":"info","message":"Order placed with ID 52e5cf19-51ea-4f86-894e-47be7dc2ae13","orderId":"52e5cf19-51ea-4f86-894e-47be7dc2ae13","processingTime":5.269,"service":"order-service","status":"PAYMENT_FAILED"}
{"ip":"::1","level":"info","message":"API Request","method":"POST","responseTime":5271,"service":"order-service","statusCode":400,"url":"/orders","userAgent":"PostmanRuntime/7.43.4"}
{"level":"info","message":"Duplicate request detected with idempotency key: order-circuit-test","service":"order-service"}
{"ip":"::1","level":"info","message":"API Request","method":"POST","responseTime":1,"service":"order-service","statusCode":400,"url":"/orders","userAgent":"PostmanRuntime/7.43.4"}
{"event":{"eventId":"636c85fa-b95d-4f05-9d61-b724e80a8e7e","eventType":"ORDER_CREATED","payload":{"customer":"Duplicate Test","items":[{"productId":"product-006","quantity":1}],"orderId":"8786c464-8c66-463a-85b0-7d851130738d","sagaId":"e30400fc-b12d-4c62-9131-bc124621665c","shippingAddress":"444 Idempotent St, Safetown","status":"PENDING"},"timestamp":"2025-05-17T16:22:09.702Z"},"level":"info","message":"Event recorded: ORDER_CREATED","service":"order-service"}
{"level":"info","message":"Checking inventory for order 8786c464-8c66-463a-85b0-7d851130738d","service":"order-service"}
{"level":"warn","message":"Inventory service circuit breaker: OPEN","service":"order-service"}
{"level":"warn","message":"Using fallback for inventory service","payload":[{"productId":"product-006","quantity":1}],"service":"order-service"}
{"level":"info","message":"Inventory check completed in 3001ms","service":"order-service"}
{"event":{"eventId":"9922d4b6-d0c3-4979-865b-a29d6da9551a","eventType":"INVENTORY_RESERVED","payload":{"orderId":"8786c464-8c66-463a-85b0-7d851130738d","sagaId":"e30400fc-b12d-4c62-9131-bc124621665c"},"timestamp":"2025-05-17T16:22:12.705Z"},"level":"info","message":"Event recorded: INVENTORY_RESERVED","service":"order-service"}
{"level":"info","message":"Processing payment for order 8786c464-8c66-463a-85b0-7d851130738d","service":"order-service"}
{"error":"Payment service is currently unavailable. Please try again later.","level":"error","message":"Payment failed for order 8786c464-8c66-463a-85b0-7d851130738d","service":"order-service"}
{"event":{"eventId":"258f4599-d3cc-4fe6-9f45-953b0247793d","eventType":"PAYMENT_FAILED","payload":{"error":"Payment service is currently unavailable. Please try again later.","orderId":"8786c464-8c66-463a-85b0-7d851130738d","sagaId":"e30400fc-b12d-4c62-9131-bc124621665c"},"timestamp":"2025-05-17T16:22:12.706Z"},"level":"info","message":"Event recorded: PAYMENT_FAILED","service":"order-service"}
{"level":"warn","message":"Using fallback for inventory service","payload":{"action":"release","items":[{"productId":"product-006","quantity":1}]},"service":"order-service"}
{"level":"info","message":"Inventory release fallback: recording for later retry","service":"order-service"}
{"event":{"eventId":"8f29e262-7f17-456e-9e79-445249d06451","eventType":"INVENTORY_RELEASED","payload":{"orderId":"8786c464-8c66-463a-85b0-7d851130738d","sagaId":"e30400fc-b12d-4c62-9131-bc124621665c"},"timestamp":"2025-05-17T16:22:12.708Z"},"level":"info","message":"Event recorded: INVENTORY_RELEASED","service":"order-service"}
{"customer":"Duplicate Test","itemCount":1,"level":"info","message":"Order placed with ID 8786c464-8c66-463a-85b0-7d851130738d","orderId":"8786c464-8c66-463a-85b0-7d851130738d","processingTime":3.006,"service":"order-service","status":"PAYMENT_FAILED"}
{"ip":"::1","level":"info","message":"API Request","method":"POST","responseTime":3007,"service":"order-service","statusCode":400,"url":"/orders","userAgent":"PostmanRuntime/7.43.4"}
{"ip":"::1","level":"info","message":"API Request","method":"GET","responseTime":0,"service":"order-service","statusCode":200,"url":"/health","userAgent":"PostmanRuntime/7.43.4"}
{"ip":"::1","level":"info","message":"API Request","method":"GET","responseTime":2,"service":"order-service","statusCode":200,"url":"/metrics","userAgent":"PostmanRuntime/7.43.4"}
{"event":{"eventId":"b89619fa-7eeb-4bd3-858e-eca8cef1e442","eventType":"ORDER_CREATED","payload":{"customer":"Demo Customer","items":[{"productId":"product-001","quantity":2}],"orderId":"444268fe-1e34-40ec-a747-e735bd5d640f","sagaId":"e048104e-e81d-4b47-972a-05471d4ad60e","shippingAddress":"123 Test St, Demoville","status":"PENDING"},"timestamp":"2025-05-17T16:28:44.432Z"},"level":"info","message":"Event recorded: ORDER_CREATED","service":"order-service"}
{"level":"info","message":"Checking inventory for order 444268fe-1e34-40ec-a747-e735bd5d640f","service":"order-service"}
{"level":"warn","message":"Inventory service circuit breaker: OPEN","service":"order-service"}
{"level":"warn","message":"Using fallback for inventory service","payload":[{"productId":"product-001","quantity":2}],"service":"order-service"}
{"level":"info","message":"Inventory check completed in 3004ms","service":"order-service"}
{"event":{"eventId":"8c5f5ffc-875c-4f93-94b2-3af44f6bcd14","eventType":"INVENTORY_RESERVED","payload":{"orderId":"444268fe-1e34-40ec-a747-e735bd5d640f","sagaId":"e048104e-e81d-4b47-972a-05471d4ad60e"},"timestamp":"2025-05-17T16:28:47.438Z"},"level":"info","message":"Event recorded: INVENTORY_RESERVED","service":"order-service"}
{"level":"info","message":"Processing payment for order 444268fe-1e34-40ec-a747-e735bd5d640f","service":"order-service"}
{"error":"Payment service is currently unavailable. Please try again later.","level":"error","message":"Payment failed for order 444268fe-1e34-40ec-a747-e735bd5d640f","service":"order-service"}
{"event":{"eventId":"a19c17b9-94d7-40e2-be1d-62b9d4741e60","eventType":"PAYMENT_FAILED","payload":{"error":"Payment service is currently unavailable. Please try again later.","orderId":"444268fe-1e34-40ec-a747-e735bd5d640f","sagaId":"e048104e-e81d-4b47-972a-05471d4ad60e"},"timestamp":"2025-05-17T16:28:49.711Z"},"level":"info","message":"Event recorded: PAYMENT_FAILED","service":"order-service"}
{"level":"warn","message":"Using fallback for inventory service","payload":{"action":"release","items":[{"productId":"product-001","quantity":2}]},"service":"order-service"}
{"level":"info","message":"Inventory release fallback: recording for later retry","service":"order-service"}
{"event":{"eventId":"38296eb9-9f47-47a2-ad89-3bed7c68680a","eventType":"INVENTORY_RELEASED","payload":{"orderId":"444268fe-1e34-40ec-a747-e735bd5d640f","sagaId":"e048104e-e81d-4b47-972a-05471d4ad60e"},"timestamp":"2025-05-17T16:28:49.714Z"},"level":"info","message":"Event recorded: INVENTORY_RELEASED","service":"order-service"}
{"customer":"Demo Customer","itemCount":1,"level":"info","message":"Order placed with ID 444268fe-1e34-40ec-a747-e735bd5d640f","orderId":"444268fe-1e34-40ec-a747-e735bd5d640f","processingTime":5.283,"service":"order-service","status":"PAYMENT_FAILED"}
{"ip":"::1","level":"info","message":"API Request","method":"POST","responseTime":5286,"service":"order-service","statusCode":400,"url":"/orders","userAgent":"PostmanRuntime/7.43.4"}
{"ip":"::1","level":"info","message":"API Request","method":"PUT","responseTime":0,"service":"order-service","statusCode":400,"url":"/orders/444268fe-1e34-40ec-a747-e735bd5d640f","userAgent":"PostmanRuntime/7.43.4"}
{"ip":"::1","level":"info","message":"API Request","method":"POST","responseTime":1,"service":"order-service","statusCode":400,"url":"/orders/444268fe-1e34-40ec-a747-e735bd5d640f/process","userAgent":"PostmanRuntime/7.43.4"}
{"ip":"::1","level":"info","message":"API Request","method":"GET","responseTime":1,"service":"order-service","statusCode":200,"url":"/orders/444268fe-1e34-40ec-a747-e735bd5d640f/events","userAgent":"PostmanRuntime/7.43.4"}
{"event":{"eventId":"46990a62-6815-4fe3-9bed-a789b6fc6c0a","eventType":"ORDER_CREATED","payload":{"customer":"Chaos Test","items":[{"productId":"product-005","quantity":1}],"orderId":"c9674b98-4e6e-48d5-b434-3ea3128e8a0b","sagaId":"ba3458b9-120d-4a68-8d83-abf1bb56b201","shippingAddress":"789 Chaos St, Testville","status":"PENDING"},"timestamp":"2025-05-17T16:32:30.546Z"},"level":"info","message":"Event recorded: ORDER_CREATED","service":"order-service"}
{"level":"info","message":"Checking inventory for order c9674b98-4e6e-48d5-b434-3ea3128e8a0b","service":"order-service"}
{"level":"warn","message":"Inventory service circuit breaker: OPEN","service":"order-service"}
{"level":"warn","message":"Using fallback for inventory service","payload":[{"productId":"product-005","quantity":1}],"service":"order-service"}
{"level":"info","message":"Inventory check completed in 3001ms","service":"order-service"}
{"event":{"eventId":"c1ccc62a-06ab-4b84-9e3d-e0be8c2ada3e","eventType":"INVENTORY_RESERVED","payload":{"orderId":"c9674b98-4e6e-48d5-b434-3ea3128e8a0b","sagaId":"ba3458b9-120d-4a68-8d83-abf1bb56b201"},"timestamp":"2025-05-17T16:32:33.548Z"},"level":"info","message":"Event recorded: INVENTORY_RESERVED","service":"order-service"}
{"level":"info","message":"Processing payment for order c9674b98-4e6e-48d5-b434-3ea3128e8a0b","service":"order-service"}
{"error":"Payment service is currently unavailable. Please try again later.","level":"error","message":"Payment failed for order c9674b98-4e6e-48d5-b434-3ea3128e8a0b","service":"order-service"}
{"event":{"eventId":"fd85ff6d-6d6f-4f80-82b0-b921daafefe1","eventType":"PAYMENT_FAILED","payload":{"error":"Payment service is currently unavailable. Please try again later.","orderId":"c9674b98-4e6e-48d5-b434-3ea3128e8a0b","sagaId":"ba3458b9-120d-4a68-8d83-abf1bb56b201"},"timestamp":"2025-05-17T16:32:35.808Z"},"level":"info","message":"Event recorded: PAYMENT_FAILED","service":"order-service"}
{"level":"warn","message":"Using fallback for inventory service","payload":{"action":"release","items":[{"productId":"product-005","quantity":1}]},"service":"order-service"}
{"level":"info","message":"Inventory release fallback: recording for later retry","service":"order-service"}
{"event":{"eventId":"ba35e469-8f3b-4735-9c21-a5599f0190af","eventType":"INVENTORY_RELEASED","payload":{"orderId":"c9674b98-4e6e-48d5-b434-3ea3128e8a0b","sagaId":"ba3458b9-120d-4a68-8d83-abf1bb56b201"},"timestamp":"2025-05-17T16:32:35.809Z"},"level":"info","message":"Event recorded: INVENTORY_RELEASED","service":"order-service"}
{"customer":"Chaos Test","itemCount":1,"level":"info","message":"Order placed with ID c9674b98-4e6e-48d5-b434-3ea3128e8a0b","orderId":"c9674b98-4e6e-48d5-b434-3ea3128e8a0b","processingTime":5.264,"service":"order-service","status":"PAYMENT_FAILED"}
{"ip":"::1","level":"info","message":"API Request","method":"POST","responseTime":5265,"service":"order-service","statusCode":400,"url":"/orders?chaosMode=true","userAgent":"PostmanRuntime/7.43.4"}
{"level":"info","message":"Order Service running on port 3000","service":"order-service"}
{"level":"info","message":"Order Service running on port 3000","service":"order-service"}
{"ip":"::1","level":"info","message":"API Request","method":"GET","responseTime":13,"service":"order-service","statusCode":200,"url":"/health","userAgent":"PostmanRuntime/7.43.4"}
{"event":{"eventId":"817a237d-6c3e-42c9-9727-5c5765db30d6","eventType":"ORDER_CREATED","payload":{"customer":{"email":"john@example.com","id":"CUST-001","name":"John Doe"},"items":[{"productId":"PROD-001","quantity":2},{"productId":"PROD-002","quantity":1}],"orderId":"d8673da9-4d24-4708-a7a7-e75def1b2e6b","sagaId":"fdd6c069-7606-4004-bbc6-f87adff928b5","shippingAddress":{"city":"Anytown","country":"USA","street":"123 Main St","zip":"12345"},"status":"PENDING"},"timestamp":"2025-05-17T17:53:46.160Z"},"level":"info","message":"Event recorded: ORDER_CREATED","service":"order-service"}
{"level":"info","message":"Checking inventory for order d8673da9-4d24-4708-a7a7-e75def1b2e6b","service":"order-service"}
{"level":"info","message":"Inventory check completed in 169ms","service":"order-service"}
{"level":"info","message":"Reserving inventory for order d8673da9-4d24-4708-a7a7-e75def1b2e6b","service":"order-service"}
{"error":"axios is not defined","level":"error","message":"Inventory check failed for order d8673da9-4d24-4708-a7a7-e75def1b2e6b","service":"order-service"}
{"event":{"eventId":"4b32cc0c-2ab6-4070-b849-2df1a93aa092","eventType":"INVENTORY_CHECK_FAILED","payload":{"error":"axios is not defined","orderId":"d8673da9-4d24-4708-a7a7-e75def1b2e6b","sagaId":"fdd6c069-7606-4004-bbc6-f87adff928b5"},"timestamp":"2025-05-17T17:53:46.340Z"},"level":"info","message":"Event recorded: INVENTORY_CHECK_FAILED","service":"order-service"}
{"customer":{"email":"john@example.com","id":"CUST-001","name":"John Doe"},"itemCount":2,"level":"info","message":"Order placed with ID d8673da9-4d24-4708-a7a7-e75def1b2e6b","orderId":"d8673da9-4d24-4708-a7a7-e75def1b2e6b","processingTime":0.184,"service":"order-service","status":"INVENTORY_CHECK_FAILED"}
{"ip":"::1","level":"info","message":"API Request","method":"POST","responseTime":188,"service":"order-service","statusCode":400,"url":"/orders","userAgent":"PostmanRuntime/7.43.4"}
{"event":{"eventId":"6247276d-7da1-4f13-b6a7-77fe4088feb6","eventType":"ORDER_CREATED","payload":{"customer":{"email":"john@example.com","id":"CUST-001","name":"John Doe"},"items":[{"productId":"PROD-001","quantity":2},{"productId":"PROD-002","quantity":1}],"orderId":"8420aa2c-9fb2-4244-9b48-12a44b9d1cfd","sagaId":"7a46457a-f086-41e7-ad7d-0f0d85366e8f","shippingAddress":{"city":"Anytown","country":"USA","street":"123 Main St","zip":"12345"},"status":"PENDING"},"timestamp":"2025-05-17T17:55:02.277Z"},"level":"info","message":"Event recorded: ORDER_CREATED","service":"order-service"}
{"level":"info","message":"Checking inventory for order 8420aa2c-9fb2-4244-9b48-12a44b9d1cfd","service":"order-service"}
{"level":"info","message":"Inventory check completed in 71ms","service":"order-service"}
{"level":"info","message":"Reserving inventory for order 8420aa2c-9fb2-4244-9b48-12a44b9d1cfd","service":"order-service"}
{"error":"axios is not defined","level":"error","message":"Inventory check failed for order 8420aa2c-9fb2-4244-9b48-12a44b9d1cfd","service":"order-service"}
{"event":{"eventId":"ece5de75-4d47-413a-ba70-5ada0b1ff0d4","eventType":"INVENTORY_CHECK_FAILED","payload":{"error":"axios is not defined","orderId":"8420aa2c-9fb2-4244-9b48-12a44b9d1cfd","sagaId":"7a46457a-f086-41e7-ad7d-0f0d85366e8f"},"timestamp":"2025-05-17T17:55:02.365Z"},"level":"info","message":"Event recorded: INVENTORY_CHECK_FAILED","service":"order-service"}
{"customer":{"email":"john@example.com","id":"CUST-001","name":"John Doe"},"itemCount":2,"level":"info","message":"Order placed with ID 8420aa2c-9fb2-4244-9b48-12a44b9d1cfd","orderId":"8420aa2c-9fb2-4244-9b48-12a44b9d1cfd","processingTime":0.093,"service":"order-service","status":"INVENTORY_CHECK_FAILED"}
{"ip":"::1","level":"info","message":"API Request","method":"POST","responseTime":97,"service":"order-service","statusCode":400,"url":"/orders","userAgent":"PostmanRuntime/7.43.4"}
{"level":"info","message":"Order retrieved: 8420aa2c-9fb2-4244-9b48-12a44b9d1cfd","service":"order-service"}
{"ip":"::1","level":"info","message":"API Request","method":"GET","responseTime":2,"service":"order-service","statusCode":200,"url":"/orders/8420aa2c-9fb2-4244-9b48-12a44b9d1cfd","userAgent":"PostmanRuntime/7.43.4"}
{"ip":"::1","level":"info","message":"API Request","method":"GET","responseTime":3,"service":"order-service","statusCode":200,"url":"/orders/8420aa2c-9fb2-4244-9b48-12a44b9d1cfd/events","userAgent":"PostmanRuntime/7.43.4"}
{"event":{"eventId":"edee5ad4-3378-40b5-ab3f-7d60c3db4a8f","eventType":"ORDER_CREATED","payload":{"customer":{"email":"john@example.com","id":"CUST-001","name":"John Doe"},"items":[{"productId":"PROD-001","quantity":999},{"productId":"PROD-999","quantity":1}],"orderId":"4e5f5006-8b3c-46a3-b104-851e3ba5e354","sagaId":"9adef90f-989e-4ba2-8538-1011bdbfc819","shippingAddress":{"city":"Anytown","country":"USA","street":"123 Main St","zip":"12345"},"status":"PENDING"},"timestamp":"2025-05-17T17:57:18.740Z"},"level":"info","message":"Event recorded: ORDER_CREATED","service":"order-service"}
{"level":"info","message":"Checking inventory for order 4e5f5006-8b3c-46a3-b104-851e3ba5e354","service":"order-service"}
{"level":"info","message":"Inventory check completed in 111ms","service":"order-service"}
{"event":{"eventId":"c5de4f2b-1e54-40ad-b4b6-5ce1337215b6","eventType":"INVENTORY_CHECK_FAILED","payload":{"orderId":"4e5f5006-8b3c-46a3-b104-851e3ba5e354","sagaId":"9adef90f-989e-4ba2-8538-1011bdbfc819"},"timestamp":"2025-05-17T17:57:18.856Z"},"level":"info","message":"Event recorded: INVENTORY_CHECK_FAILED","service":"order-service"}
{"customer":{"email":"john@example.com","id":"CUST-001","name":"John Doe"},"itemCount":2,"level":"info","message":"Order placed with ID 4e5f5006-8b3c-46a3-b104-851e3ba5e354","orderId":"4e5f5006-8b3c-46a3-b104-851e3ba5e354","processingTime":0.121,"service":"order-service","status":"INVENTORY_FAILED"}
{"ip":"::1","level":"info","message":"API Request","method":"POST","responseTime":131,"service":"order-service","statusCode":400,"url":"/orders","userAgent":"PostmanRuntime/7.43.4"}
{"ip":"::1","level":"info","message":"API Request","method":"GET","responseTime":1,"service":"order-service","statusCode":200,"url":"/health?chaosMode=true","userAgent":"PostmanRuntime/7.43.4"}
{"level":"info","message":"Order retrieved: 8420aa2c-9fb2-4244-9b48-12a44b9d1cfd","service":"order-service"}
{"ip":"::1","level":"info","message":"API Request","method":"GET","responseTime":2,"service":"order-service","statusCode":200,"url":"/orders/8420aa2c-9fb2-4244-9b48-12a44b9d1cfd","userAgent":"PostmanRuntime/7.43.4"}
{"event":{"eventId":"1bf0fff8-53f0-44de-83c1-263cf74e0ca5","eventType":"ORDER_CREATED","payload":{"customer":{"email":"john@example.com","id":"CUST-001","name":"John Doe"},"items":[{"productId":"PROD-001","quantity":2},{"productId":"PROD-002","quantity":1}],"orderId":"6604f61c-cd98-46f1-83ef-a3edd7aaf2e4","sagaId":"ad5782ed-12aa-450c-bf96-705f3b5f980a","shippingAddress":{"city":"Anytown","country":"USA","street":"123 Main St","zip":"12345"},"status":"PENDING"},"timestamp":"2025-05-17T18:05:17.854Z"},"level":"info","message":"Event recorded: ORDER_CREATED","service":"order-service"}
{"level":"info","message":"Checking inventory for order 6604f61c-cd98-46f1-83ef-a3edd7aaf2e4","service":"order-service"}
{"level":"info","message":"Inventory check completed in 63ms","service":"order-service"}
{"level":"info","message":"Reserving inventory for order 6604f61c-cd98-46f1-83ef-a3edd7aaf2e4","service":"order-service"}
{"error":"axios is not defined","level":"error","message":"Inventory check failed for order 6604f61c-cd98-46f1-83ef-a3edd7aaf2e4","service":"order-service"}
{"event":{"eventId":"c2f5c74b-4554-4594-af3b-02dad36a3fe9","eventType":"INVENTORY_CHECK_FAILED","payload":{"error":"axios is not defined","orderId":"6604f61c-cd98-46f1-83ef-a3edd7aaf2e4","sagaId":"ad5782ed-12aa-450c-bf96-705f3b5f980a"},"timestamp":"2025-05-17T18:05:17.923Z"},"level":"info","message":"Event recorded: INVENTORY_CHECK_FAILED","service":"order-service"}
{"customer":{"email":"john@example.com","id":"CUST-001","name":"John Doe"},"itemCount":2,"level":"info","message":"Order placed with ID 6604f61c-cd98-46f1-83ef-a3edd7aaf2e4","orderId":"6604f61c-cd98-46f1-83ef-a3edd7aaf2e4","processingTime":0.07,"service":"order-service","status":"INVENTORY_CHECK_FAILED"}
{"ip":"::1","level":"info","message":"API Request","method":"POST","responseTime":75,"service":"order-service","statusCode":400,"url":"/orders","userAgent":"PostmanRuntime/7.43.4"}
{"level":"info","message":"Order Service running on port 3000","service":"order-service"}
{"event":{"eventId":"2db2414b-c86f-423e-85c0-f87eadddc708","eventType":"ORDER_CREATED","payload":{"customer":{"email":"john@example.com","id":"CUST-001","name":"John Doe"},"items":[{"productId":"PROD-001","quantity":2},{"productId":"PROD-002","quantity":1}],"orderId":"d956c679-227d-432a-bfa0-41d53e3a975c","sagaId":"4bdd7d3b-fc1e-45f8-9023-71ba86cebc44","shippingAddress":{"city":"Anytown","country":"USA","street":"123 Main St","zip":"12345"},"status":"PENDING"},"timestamp":"2025-05-17T18:06:26.906Z"},"level":"info","message":"Event recorded: ORDER_CREATED","service":"order-service"}
{"level":"info","message":"Checking inventory for order d956c679-227d-432a-bfa0-41d53e3a975c","service":"order-service"}
{"level":"info","message":"Inventory check completed in 158ms","service":"order-service"}
{"level":"info","message":"Reserving inventory for order d956c679-227d-432a-bfa0-41d53e3a975c","service":"order-service"}
{"level":"info","message":"Inventory reservation completed in 52ms","service":"order-service"}
{"event":{"eventId":"daf54de7-1336-40fe-a63f-80ec855e62f0","eventType":"INVENTORY_RESERVED","payload":{"orderId":"d956c679-227d-432a-bfa0-41d53e3a975c","sagaId":"4bdd7d3b-fc1e-45f8-9023-71ba86cebc44"},"timestamp":"2025-05-17T18:06:27.123Z"},"level":"info","message":"Event recorded: INVENTORY_RESERVED","service":"order-service"}
{"level":"info","message":"Processing payment for order d956c679-227d-432a-bfa0-41d53e3a975c","service":"order-service"}
{"level":"info","message":"Payment processing completed in 346ms","service":"order-service"}
{"event":{"eventId":"841233b9-cfac-4fb4-873e-f845431f5a92","eventType":"PAYMENT_PROCESSED","payload":{"orderId":"d956c679-227d-432a-bfa0-41d53e3a975c","sagaId":"4bdd7d3b-fc1e-45f8-9023-71ba86cebc44"},"timestamp":"2025-05-17T18:06:27.473Z"},"level":"info","message":"Event recorded: PAYMENT_PROCESSED","service":"order-service"}
{"event":{"eventId":"b0300f70-f1ef-4630-84a0-dfe89a9e71bd","eventType":"ORDER_PLACED","payload":{"orderId":"d956c679-227d-432a-bfa0-41d53e3a975c","sagaId":"4bdd7d3b-fc1e-45f8-9023-71ba86cebc44"},"timestamp":"2025-05-17T18:06:27.473Z"},"level":"info","message":"Event recorded: ORDER_PLACED","service":"order-service"}
{"customer":{"email":"john@example.com","id":"CUST-001","name":"John Doe"},"itemCount":2,"level":"info","message":"Order placed with ID d956c679-227d-432a-bfa0-41d53e3a975c","orderId":"d956c679-227d-432a-bfa0-41d53e3a975c","processingTime":0.57,"service":"order-service","status":"PLACED"}
{"ip":"::1","level":"info","message":"API Request","method":"POST","responseTime":579,"service":"order-service","statusCode":201,"url":"/orders","userAgent":"PostmanRuntime/7.43.4"}
{"level":"info","message":"Order retrieved: d956c679-227d-432a-bfa0-41d53e3a975c","service":"order-service"}
{"ip":"::1","level":"info","message":"API Request","method":"GET","responseTime":3,"service":"order-service","statusCode":200,"url":"/orders/d956c679-227d-432a-bfa0-41d53e3a975c","userAgent":"PostmanRuntime/7.43.4"}
{"ip":"::1","level":"info","message":"API Request","method":"GET","responseTime":3,"service":"order-service","statusCode":200,"url":"/orders/d956c679-227d-432a-bfa0-41d53e3a975c/events","userAgent":"PostmanRuntime/7.43.4"}
{"event":{"eventId":"02a5d9f4-4f35-42d6-aae5-f54f2c5a6437","eventType":"ORDER_CREATED","payload":{"customer":{"email":"john@example.com","id":"CUST-001","name":"John Doe"},"items":[{"productId":"PROD-001","quantity":999},{"productId":"PROD-999","quantity":1}],"orderId":"32c04ed6-373d-48fd-a2de-f37f21f9ac39","sagaId":"04ba0576-3832-4035-8c58-d57677f3de6f","shippingAddress":{"city":"Anytown","country":"USA","street":"123 Main St","zip":"12345"},"status":"PENDING"},"timestamp":"2025-05-17T18:07:53.885Z"},"level":"info","message":"Event recorded: ORDER_CREATED","service":"order-service"}
{"level":"info","message":"Checking inventory for order 32c04ed6-373d-48fd-a2de-f37f21f9ac39","service":"order-service"}
{"level":"info","message":"Inventory check completed in 30ms","service":"order-service"}
{"event":{"eventId":"83e16a34-f4da-41f0-9c91-17cbd4f0aed7","eventType":"INVENTORY_CHECK_FAILED","payload":{"orderId":"32c04ed6-373d-48fd-a2de-f37f21f9ac39","sagaId":"04ba0576-3832-4035-8c58-d57677f3de6f"},"timestamp":"2025-05-17T18:07:53.917Z"},"level":"info","message":"Event recorded: INVENTORY_CHECK_FAILED","service":"order-service"}
{"customer":{"email":"john@example.com","id":"CUST-001","name":"John Doe"},"itemCount":2,"level":"info","message":"Order placed with ID 32c04ed6-373d-48fd-a2de-f37f21f9ac39","orderId":"32c04ed6-373d-48fd-a2de-f37f21f9ac39","processingTime":0.033,"service":"order-service","status":"INVENTORY_FAILED"}
{"ip":"::1","level":"info","message":"API Request","method":"POST","responseTime":35,"service":"order-service","statusCode":400,"url":"/orders","userAgent":"PostmanRuntime/7.43.4"}
{"ip":"::1","level":"info","message":"API Request","method":"GET","responseTime":2,"service":"order-service","statusCode":200,"url":"/health?chaosMode=true","userAgent":"PostmanRuntime/7.43.4"}
{"event":{"eventId":"26e7f197-cdfd-4b02-9b43-2c496a66deab","eventType":"ORDER_CREATED","payload":{"customer":{"email":"john@example.com","id":"CUST-001","name":"John Doe"},"items":[{"productId":"PROD-001","quantity":2},{"productId":"PROD-002","quantity":1}],"orderId":"f1f7110a-2582-4242-876e-9bcc4891b321","sagaId":"3b9f77be-fd0d-4b0f-9b7d-2d7fdd823309","shippingAddress":{"city":"Anytown","country":"USA","street":"123 Main St","zip":"12345"},"status":"PENDING"},"timestamp":"2025-05-17T18:08:24.706Z"},"level":"info","message":"Event recorded: ORDER_CREATED","service":"order-service"}
{"level":"info","message":"Checking inventory for order f1f7110a-2582-4242-876e-9bcc4891b321","service":"order-service"}
{"level":"info","message":"Inventory check completed in 11ms","service":"order-service"}
{"level":"info","message":"Reserving inventory for order f1f7110a-2582-4242-876e-9bcc4891b321","service":"order-service"}
{"level":"info","message":"Inventory reservation completed in 93ms","service":"order-service"}
{"event":{"eventId":"8a256375-b1bc-4d3b-b98b-34f2d1b50a89","eventType":"INVENTORY_RESERVED","payload":{"orderId":"f1f7110a-2582-4242-876e-9bcc4891b321","sagaId":"3b9f77be-fd0d-4b0f-9b7d-2d7fdd823309"},"timestamp":"2025-05-17T18:08:24.818Z"},"level":"info","message":"Event recorded: INVENTORY_RESERVED","service":"order-service"}
{"level":"info","message":"Processing payment for order f1f7110a-2582-4242-876e-9bcc4891b321","service":"order-service"}
{"level":"info","message":"Payment processing completed in 437ms","service":"order-service"}
{"event":{"eventId":"9ce264a3-0688-41a9-81e8-f8cc75f6ff6f","eventType":"PAYMENT_PROCESSED","payload":{"orderId":"f1f7110a-2582-4242-876e-9bcc4891b321","sagaId":"3b9f77be-fd0d-4b0f-9b7d-2d7fdd823309"},"timestamp":"2025-05-17T18:08:25.260Z"},"level":"info","message":"Event recorded: PAYMENT_PROCESSED","service":"order-service"}
{"event":{"eventId":"81979a47-de47-422e-870c-d3799af8c5aa","eventType":"ORDER_PLACED","payload":{"orderId":"f1f7110a-2582-4242-876e-9bcc4891b321","sagaId":"3b9f77be-fd0d-4b0f-9b7d-2d7fdd823309"},"timestamp":"2025-05-17T18:08:25.263Z"},"level":"info","message":"Event recorded: ORDER_PLACED","service":"order-service"}
{"customer":{"email":"john@example.com","id":"CUST-001","name":"John Doe"},"itemCount":2,"level":"info","message":"Order placed with ID f1f7110a-2582-4242-876e-9bcc4891b321","orderId":"f1f7110a-2582-4242-876e-9bcc4891b321","processingTime":0.56,"service":"order-service","status":"PLACED"}
{"ip":"::1","level":"info","message":"API Request","method":"POST","responseTime":568,"service":"order-service","statusCode":201,"url":"/orders","userAgent":"PostmanRuntime/7.43.4"}
{"level":"info","message":"Order Service running on port 3000","service":"order-service"}
{"level":"info","message":"Order Service running on port 3000","service":"order-service"}
{"ip":"::1","level":"info","message":"API Request","method":"GET","responseTime":12,"service":"order-service","statusCode":200,"url":"/health","userAgent":"PostmanRuntime/7.43.4"}
{"event":{"eventId":"b32736dc-b8c4-436e-927c-2cfabc629655","eventType":"ORDER_CREATED","payload":{"customer":{"email":"john@example.com","id":"cust123","name":"John Doe"},"items":[{"name":"Product 1","price":10.99,"productId":"prod1","quantity":2},{"name":"Product 2","price":5.99,"productId":"prod2","quantity":1}],"orderId":"9aa73777-d220-4fa3-ba18-a1cceb111297","sagaId":"72ffad75-b5aa-431e-badb-e98bd7c93099","shippingAddress":{"city":"Anytown","country":"US","street":"123 Main St","zip":"12345"},"status":"PENDING"},"timestamp":"2025-05-17T21:39:13.537Z"},"level":"info","message":"Event recorded: ORDER_CREATED","service":"order-service"}
{"level":"info","message":"Checking inventory for order 9aa73777-d220-4fa3-ba18-a1cceb111297","service":"order-service"}
{"level":"info","message":"Inventory check completed in 97ms","service":"order-service"}
{"event":{"eventId":"7534b32d-6408-4700-a0d9-524ce0d4ade0","eventType":"INVENTORY_CHECK_FAILED","payload":{"orderId":"9aa73777-d220-4fa3-ba18-a1cceb111297","sagaId":"72ffad75-b5aa-431e-badb-e98bd7c93099"},"timestamp":"2025-05-17T21:39:13.637Z"},"level":"info","message":"Event recorded: INVENTORY_CHECK_FAILED","service":"order-service"}
{"customer":{"email":"john@example.com","id":"cust123","name":"John Doe"},"itemCount":2,"level":"info","message":"Order placed with ID 9aa73777-d220-4fa3-ba18-a1cceb111297","orderId":"9aa73777-d220-4fa3-ba18-a1cceb111297","processingTime":0.102,"service":"order-service","status":"INVENTORY_FAILED"}
{"ip":"::1","level":"info","message":"API Request","method":"POST","responseTime":105,"service":"order-service","statusCode":400,"url":"/orders","userAgent":"PostmanRuntime/7.43.4"}
{"level":"info","message":"Order not found: order_id_placeholder","service":"order-service"}
{"ip":"::1","level":"info","message":"API Request","method":"GET","responseTime":3,"service":"order-service","statusCode":404,"url":"/orders/order_id_placeholder","userAgent":"PostmanRuntime/7.43.4"}
{"level":"info","message":"Order not found: order_id_placeholder","service":"order-service"}
{"ip":"::1","level":"info","message":"API Request","method":"GET","responseTime":1,"service":"order-service","statusCode":404,"url":"/orders/order_id_placeholder","userAgent":"PostmanRuntime/7.43.4"}
{"event":{"eventId":"acc6d45a-c1e9-4c2c-8a83-e1f84e936536","eventType":"ORDER_CREATED","payload":{"customer":{"email":"john@example.com","id":"cust123","name":"John Doe"},"items":[{"name":"Product 1","price":10.99,"productId":"prod1","quantity":2},{"name":"Product 2","price":5.99,"productId":"prod2","quantity":1}],"orderId":"d125ec1a-dc13-4d30-a89f-d37df8e7faf7","sagaId":"18ab51be-e2a1-49bb-9c1e-424641cd1f8d","shippingAddress":{"city":"Anytown","country":"US","street":"123 Main St","zip":"12345"},"status":"PENDING"},"timestamp":"2025-05-17T21:39:46.926Z"},"level":"info","message":"Event recorded: ORDER_CREATED","service":"order-service"}
{"level":"info","message":"Checking inventory for order d125ec1a-dc13-4d30-a89f-d37df8e7faf7","service":"order-service"}
{"level":"info","message":"Inventory check completed in 9ms","service":"order-service"}
{"event":{"eventId":"235097fe-2d0b-414a-9409-598fe029398a","eventType":"INVENTORY_CHECK_FAILED","payload":{"orderId":"d125ec1a-dc13-4d30-a89f-d37df8e7faf7","sagaId":"18ab51be-e2a1-49bb-9c1e-424641cd1f8d"},"timestamp":"2025-05-17T21:39:46.937Z"},"level":"info","message":"Event recorded: INVENTORY_CHECK_FAILED","service":"order-service"}
{"customer":{"email":"john@example.com","id":"cust123","name":"John Doe"},"itemCount":2,"level":"info","message":"Order placed with ID d125ec1a-dc13-4d30-a89f-d37df8e7faf7","orderId":"d125ec1a-dc13-4d30-a89f-d37df8e7faf7","processingTime":0.012,"service":"order-service","status":"INVENTORY_FAILED"}
{"ip":"::1","level":"info","message":"API Request","method":"POST","responseTime":13,"service":"order-service","statusCode":400,"url":"/orders","userAgent":"PostmanRuntime/7.43.4"}
{"level":"info","message":"Order retrieved: 9aa73777-d220-4fa3-ba18-a1cceb111297","service":"order-service"}
{"ip":"::1","level":"info","message":"API Request","method":"GET","responseTime":1,"service":"order-service","statusCode":200,"url":"/orders/9aa73777-d220-4fa3-ba18-a1cceb111297","userAgent":"PostmanRuntime/7.43.4"}
{"ip":"::1","level":"info","message":"API Request","method":"POST","responseTime":1,"service":"order-service","statusCode":400,"url":"/orders/d125ec1a-dc13-4d30-a89f-d37df8e7faf7/process","userAgent":"PostmanRuntime/7.43.4"}
{"ip":"::1","level":"info","message":"API Request","method":"PUT","responseTime":1,"service":"order-service","statusCode":400,"url":"/orders/d125ec1a-dc13-4d30-a89f-d37df8e7faf7","userAgent":"PostmanRuntime/7.43.4"}
{"ip":"::1","level":"info","message":"API Request","method":"DELETE","responseTime":3,"service":"order-service","statusCode":400,"url":"/orders/d125ec1a-dc13-4d30-a89f-d37df8e7faf7","userAgent":"PostmanRuntime/7.43.4"}
{"ip":"::1","level":"info","message":"API Request","method":"POST","responseTime":3,"service":"order-service","statusCode":400,"url":"/orders/d125ec1a-dc13-4d30-a89f-d37df8e7faf7/fulfill","userAgent":"PostmanRuntime/7.43.4"}
{"ip":"::1","level":"info","message":"API Request","method":"GET","responseTime":1,"service":"order-service","statusCode":400,"url":"/orders/d125ec1a-dc13-4d30-a89f-d37df8e7faf7/track","userAgent":"PostmanRuntime/7.43.4"}
{"ip":"::1","level":"info","message":"API Request","method":"GET","responseTime":1,"service":"order-service","statusCode":200,"url":"/orders/d125ec1a-dc13-4d30-a89f-d37df8e7faf7/events","userAgent":"PostmanRuntime/7.43.4"}
{"ip":"::1","level":"info","message":"API Request","method":"GET","responseTime":9,"service":"order-service","statusCode":200,"url":"/metrics","userAgent":"PostmanRuntime/7.43.4"}
{"level":"info","message":"Order retrieved: d125ec1a-dc13-4d30-a89f-d37df8e7faf7","service":"order-service"}
{"ip":"::1","level":"info","message":"API Request","method":"GET","responseTime":2,"service":"order-service","statusCode":200,"url":"/orders/d125ec1a-dc13-4d30-a89f-d37df8e7faf7","userAgent":"PostmanRuntime/7.43.4"}
{"ip":"::1","level":"info","message":"API Request","method":"POST","responseTime":1,"service":"order-service","statusCode":400,"url":"/orders/d125ec1a-dc13-4d30-a89f-d37df8e7faf7/process","userAgent":"PostmanRuntime/7.43.4"}
{"ip":"::1","level":"info","message":"API Request","method":"PUT","responseTime":0,"service":"order-service","statusCode":400,"url":"/orders/d125ec1a-dc13-4d30-a89f-d37df8e7faf7","userAgent":"PostmanRuntime/7.43.4"}
{"ip":"::1","level":"info","message":"API Request","method":"DELETE","responseTime":1,"service":"order-service","statusCode":400,"url":"/orders/d125ec1a-dc13-4d30-a89f-d37df8e7faf7","userAgent":"PostmanRuntime/7.43.4"}
{"level":"info","message":"Order retrieved: d125ec1a-dc13-4d30-a89f-d37df8e7faf7","service":"order-service"}
{"ip":"::1","level":"info","message":"API Request","method":"GET","responseTime":1,"service":"order-service","statusCode":200,"url":"/orders/d125ec1a-dc13-4d30-a89f-d37df8e7faf7","userAgent":"PostmanRuntime/7.43.4"}
{"ip":"::1","level":"info","message":"API Request","method":"POST","responseTime":1,"service":"order-service","statusCode":400,"url":"/orders/d125ec1a-dc13-4d30-a89f-d37df8e7faf7/process","userAgent":"PostmanRuntime/7.43.4"}
{"ip":"::1","level":"info","message":"API Request","method":"POST","responseTime":0,"service":"order-service","statusCode":400,"url":"/orders/d125ec1a-dc13-4d30-a89f-d37df8e7faf7/fulfill","userAgent":"PostmanRuntime/7.43.4"}
